<?xml version="1.0" encoding="UTF-8"?>
<testsuites>
  <testsuite id="0" name="/Users/dharmik/Desktop/77928c98-0d8c-45bd-b7a3-5dab77772943/test/admin.test.js" errors="0" package="/Users/dharmik/Desktop/77928c98-0d8c-45bd-b7a3-5dab77772943/test/admin.test.js" hostname="localhost" tests="24" failures="24" time="210.747" timestamp="2024-12-04T16:51:24">
    <properties>
    </properties>
    <testcase classname="Admin successful login" name="Admin successful login" time="0">
      <failure message="Timeout - Async callback was not invoked within the 5000ms timeout specified by jest.setTimeout.Error: Timeout - Async callback was not invoked within the 5000ms timeout specified by jest.setTimeout.
    at mapper (/Users/dharmik/Desktop/77928c98-0d8c-45bd-b7a3-5dab77772943/node_modules/jest-jasmine2/build/queueRunner.js:25:45)
    at /Users/dharmik/Desktop/77928c98-0d8c-45bd-b7a3-5dab77772943/node_modules/jest-jasmine2/build/queueRunner.js:73:41
    at processTicksAndRejections (node:internal/process/task_queues:95:5)" type="AssertionError">
      </failure>
      <failure message="MongooseError: Operation `admins.deleteMany()` buffering timed out after 10000ms
    at /Users/dharmik/Desktop/77928c98-0d8c-45bd-b7a3-5dab77772943/node_modules/mongoose/lib/drivers/node-mongodb-native/collection.js:198:23
    at Timeout.callback (/Users/dharmik/Desktop/77928c98-0d8c-45bd-b7a3-5dab77772943/node_modules/jsdom/lib/jsdom/browser/Window.js:678:19)
    at listOnTimeout (node:internal/timers:581:17)
    at processTimers (node:internal/timers:519:7)" type="AssertionError">
      </failure>
      <failure message=": Timeout - Async callback was not invoked within the 5000ms timeout specified by jest.setTimeout.Timeout - Async callback was not invoked within the 5000ms timeout specified by jest.setTimeout.Error: 
    at new Spec (/Users/dharmik/Desktop/77928c98-0d8c-45bd-b7a3-5dab77772943/node_modules/jest-jasmine2/build/jasmine/Spec.js:116:22)
    at new Spec (/Users/dharmik/Desktop/77928c98-0d8c-45bd-b7a3-5dab77772943/node_modules/jest-jasmine2/build/setup_jest_globals.js:80:9)
    at specFactory (/Users/dharmik/Desktop/77928c98-0d8c-45bd-b7a3-5dab77772943/node_modules/jest-jasmine2/build/jasmine/Env.js:575:24)
    at Env.it (/Users/dharmik/Desktop/77928c98-0d8c-45bd-b7a3-5dab77772943/node_modules/jest-jasmine2/build/jasmine/Env.js:644:24)
    at Env.it (/Users/dharmik/Desktop/77928c98-0d8c-45bd-b7a3-5dab77772943/node_modules/jest-jasmine2/build/jasmineAsyncInstall.js:132:23)
    at test (/Users/dharmik/Desktop/77928c98-0d8c-45bd-b7a3-5dab77772943/node_modules/jest-jasmine2/build/jasmine/jasmineLight.js:93:21)
    at Object.&lt;anonymous&gt; (/Users/dharmik/Desktop/77928c98-0d8c-45bd-b7a3-5dab77772943/test/admin.test.js:10:1)
    at Runtime._execModule (/Users/dharmik/Desktop/77928c98-0d8c-45bd-b7a3-5dab77772943/node_modules/jest-runtime/build/index.js:867:68)
    at Runtime._loadModule (/Users/dharmik/Desktop/77928c98-0d8c-45bd-b7a3-5dab77772943/node_modules/jest-runtime/build/index.js:577:12)
    at Runtime.requireModule (/Users/dharmik/Desktop/77928c98-0d8c-45bd-b7a3-5dab77772943/node_modules/jest-runtime/build/index.js:433:10)
    at /Users/dharmik/Desktop/77928c98-0d8c-45bd-b7a3-5dab77772943/node_modules/jest-jasmine2/build/index.js:202:13
    at Generator.next (&lt;anonymous&gt;)
    at asyncGeneratorStep (/Users/dharmik/Desktop/77928c98-0d8c-45bd-b7a3-5dab77772943/node_modules/jest-jasmine2/build/index.js:27:24)
    at _next (/Users/dharmik/Desktop/77928c98-0d8c-45bd-b7a3-5dab77772943/node_modules/jest-jasmine2/build/index.js:47:9)
    at /Users/dharmik/Desktop/77928c98-0d8c-45bd-b7a3-5dab77772943/node_modules/jest-jasmine2/build/index.js:52:7
    at new Promise (&lt;anonymous&gt;)
    at /Users/dharmik/Desktop/77928c98-0d8c-45bd-b7a3-5dab77772943/node_modules/jest-jasmine2/build/index.js:44:12
    at _jasmine (/Users/dharmik/Desktop/77928c98-0d8c-45bd-b7a3-5dab77772943/node_modules/jest-jasmine2/build/index.js:207:19)
    at jasmine2 (/Users/dharmik/Desktop/77928c98-0d8c-45bd-b7a3-5dab77772943/node_modules/jest-jasmine2/build/index.js:60:19)
    at /Users/dharmik/Desktop/77928c98-0d8c-45bd-b7a3-5dab77772943/node_modules/jest-runner/build/runTest.js:385:24
    at Generator.next (&lt;anonymous&gt;)
    at asyncGeneratorStep (/Users/dharmik/Desktop/77928c98-0d8c-45bd-b7a3-5dab77772943/node_modules/jest-runner/build/runTest.js:161:24)
    at _next (/Users/dharmik/Desktop/77928c98-0d8c-45bd-b7a3-5dab77772943/node_modules/jest-runner/build/runTest.js:181:9)
    at processTicksAndRejections (node:internal/process/task_queues:95:5)" type="AssertionError">
      </failure>
    </testcase>
    <testcase classname="Admin unsuccessful login" name="Admin unsuccessful login" time="0">
      <failure message="Timeout - Async callback was not invoked within the 5000ms timeout specified by jest.setTimeout.Error: Timeout - Async callback was not invoked within the 5000ms timeout specified by jest.setTimeout.
    at mapper (/Users/dharmik/Desktop/77928c98-0d8c-45bd-b7a3-5dab77772943/node_modules/jest-jasmine2/build/queueRunner.js:25:45)
    at /Users/dharmik/Desktop/77928c98-0d8c-45bd-b7a3-5dab77772943/node_modules/jest-jasmine2/build/queueRunner.js:73:41" type="AssertionError">
      </failure>
      <failure message="Error: expected 200 &quot;OK&quot;, got 400 &quot;Bad Request&quot;
    at Object.&lt;anonymous&gt; (/Users/dharmik/Desktop/77928c98-0d8c-45bd-b7a3-5dab77772943/test/admin.test.js:14:8)
    at Object.asyncJestTest (/Users/dharmik/Desktop/77928c98-0d8c-45bd-b7a3-5dab77772943/node_modules/jest-jasmine2/build/jasmineAsyncInstall.js:102:37)
    at /Users/dharmik/Desktop/77928c98-0d8c-45bd-b7a3-5dab77772943/node_modules/jest-jasmine2/build/queueRunner.js:43:12
    at new Promise (&lt;anonymous&gt;)
    at mapper (/Users/dharmik/Desktop/77928c98-0d8c-45bd-b7a3-5dab77772943/node_modules/jest-jasmine2/build/queueRunner.js:26:19)
    at /Users/dharmik/Desktop/77928c98-0d8c-45bd-b7a3-5dab77772943/node_modules/jest-jasmine2/build/queueRunner.js:73:41
----
    at Test._assertStatus (/Users/dharmik/Desktop/77928c98-0d8c-45bd-b7a3-5dab77772943/node_modules/supertest/lib/test.js:252:14)
    at /Users/dharmik/Desktop/77928c98-0d8c-45bd-b7a3-5dab77772943/node_modules/supertest/lib/test.js:308:13
    at Test._assertFunction (/Users/dharmik/Desktop/77928c98-0d8c-45bd-b7a3-5dab77772943/node_modules/supertest/lib/test.js:285:13)
    at Test.assert (/Users/dharmik/Desktop/77928c98-0d8c-45bd-b7a3-5dab77772943/node_modules/supertest/lib/test.js:164:23)
    at Server.localAssert (/Users/dharmik/Desktop/77928c98-0d8c-45bd-b7a3-5dab77772943/node_modules/supertest/lib/test.js:120:14)
    at Object.onceWrapper (node:events:634:28)
    at Server.emit (node:events:520:28)
    at emitCloseNT (node:net:2338:8)
    at processTicksAndRejections (node:internal/process/task_queues:81:21)" type="AssertionError">
      </failure>
      <failure message="MongooseError: Operation `admins.deleteMany()` buffering timed out after 10000ms
    at /Users/dharmik/Desktop/77928c98-0d8c-45bd-b7a3-5dab77772943/node_modules/mongoose/lib/drivers/node-mongodb-native/collection.js:198:23
    at Timeout.callback (/Users/dharmik/Desktop/77928c98-0d8c-45bd-b7a3-5dab77772943/node_modules/jsdom/lib/jsdom/browser/Window.js:678:19)
    at listOnTimeout (node:internal/timers:581:17)
    at processTimers (node:internal/timers:519:7)" type="AssertionError">
      </failure>
      <failure message=": Timeout - Async callback was not invoked within the 5000ms timeout specified by jest.setTimeout.Timeout - Async callback was not invoked within the 5000ms timeout specified by jest.setTimeout.Error: 
    at new Spec (/Users/dharmik/Desktop/77928c98-0d8c-45bd-b7a3-5dab77772943/node_modules/jest-jasmine2/build/jasmine/Spec.js:116:22)
    at new Spec (/Users/dharmik/Desktop/77928c98-0d8c-45bd-b7a3-5dab77772943/node_modules/jest-jasmine2/build/setup_jest_globals.js:80:9)
    at specFactory (/Users/dharmik/Desktop/77928c98-0d8c-45bd-b7a3-5dab77772943/node_modules/jest-jasmine2/build/jasmine/Env.js:575:24)
    at Env.it (/Users/dharmik/Desktop/77928c98-0d8c-45bd-b7a3-5dab77772943/node_modules/jest-jasmine2/build/jasmine/Env.js:644:24)
    at Env.it (/Users/dharmik/Desktop/77928c98-0d8c-45bd-b7a3-5dab77772943/node_modules/jest-jasmine2/build/jasmineAsyncInstall.js:132:23)
    at test (/Users/dharmik/Desktop/77928c98-0d8c-45bd-b7a3-5dab77772943/node_modules/jest-jasmine2/build/jasmine/jasmineLight.js:93:21)
    at Object.&lt;anonymous&gt; (/Users/dharmik/Desktop/77928c98-0d8c-45bd-b7a3-5dab77772943/test/admin.test.js:20:1)
    at Runtime._execModule (/Users/dharmik/Desktop/77928c98-0d8c-45bd-b7a3-5dab77772943/node_modules/jest-runtime/build/index.js:867:68)
    at Runtime._loadModule (/Users/dharmik/Desktop/77928c98-0d8c-45bd-b7a3-5dab77772943/node_modules/jest-runtime/build/index.js:577:12)
    at Runtime.requireModule (/Users/dharmik/Desktop/77928c98-0d8c-45bd-b7a3-5dab77772943/node_modules/jest-runtime/build/index.js:433:10)
    at /Users/dharmik/Desktop/77928c98-0d8c-45bd-b7a3-5dab77772943/node_modules/jest-jasmine2/build/index.js:202:13
    at Generator.next (&lt;anonymous&gt;)
    at asyncGeneratorStep (/Users/dharmik/Desktop/77928c98-0d8c-45bd-b7a3-5dab77772943/node_modules/jest-jasmine2/build/index.js:27:24)
    at _next (/Users/dharmik/Desktop/77928c98-0d8c-45bd-b7a3-5dab77772943/node_modules/jest-jasmine2/build/index.js:47:9)
    at /Users/dharmik/Desktop/77928c98-0d8c-45bd-b7a3-5dab77772943/node_modules/jest-jasmine2/build/index.js:52:7
    at new Promise (&lt;anonymous&gt;)
    at /Users/dharmik/Desktop/77928c98-0d8c-45bd-b7a3-5dab77772943/node_modules/jest-jasmine2/build/index.js:44:12
    at _jasmine (/Users/dharmik/Desktop/77928c98-0d8c-45bd-b7a3-5dab77772943/node_modules/jest-jasmine2/build/index.js:207:19)
    at jasmine2 (/Users/dharmik/Desktop/77928c98-0d8c-45bd-b7a3-5dab77772943/node_modules/jest-jasmine2/build/index.js:60:19)
    at /Users/dharmik/Desktop/77928c98-0d8c-45bd-b7a3-5dab77772943/node_modules/jest-runner/build/runTest.js:385:24
    at Generator.next (&lt;anonymous&gt;)
    at asyncGeneratorStep (/Users/dharmik/Desktop/77928c98-0d8c-45bd-b7a3-5dab77772943/node_modules/jest-runner/build/runTest.js:161:24)
    at _next (/Users/dharmik/Desktop/77928c98-0d8c-45bd-b7a3-5dab77772943/node_modules/jest-runner/build/runTest.js:181:9)
    at processTicksAndRejections (node:internal/process/task_queues:95:5)" type="AssertionError">
      </failure>
    </testcase>
    <testcase classname="Admin adding a new player" name="Admin adding a new player" time="0">
      <failure message="Timeout - Async callback was not invoked within the 5000ms timeout specified by jest.setTimeout.Error: Timeout - Async callback was not invoked within the 5000ms timeout specified by jest.setTimeout.
    at mapper (/Users/dharmik/Desktop/77928c98-0d8c-45bd-b7a3-5dab77772943/node_modules/jest-jasmine2/build/queueRunner.js:25:45)
    at /Users/dharmik/Desktop/77928c98-0d8c-45bd-b7a3-5dab77772943/node_modules/jest-jasmine2/build/queueRunner.js:73:41" type="AssertionError">
      </failure>
      <failure message="MongooseServerSelectionError: connect ECONNREFUSED 127.0.0.1:27017
    at NativeConnection.Object.&lt;anonymous&gt;.Connection.openUri (/Users/dharmik/Desktop/77928c98-0d8c-45bd-b7a3-5dab77772943/node_modules/mongoose/lib/connection.js:847:32)
    at /Users/dharmik/Desktop/77928c98-0d8c-45bd-b7a3-5dab77772943/node_modules/mongoose/lib/index.js:351:10
    at /Users/dharmik/Desktop/77928c98-0d8c-45bd-b7a3-5dab77772943/node_modules/mongoose/lib/helpers/promiseOrCallback.js:32:5
    at new Promise (&lt;anonymous&gt;)
    at promiseOrCallback (/Users/dharmik/Desktop/77928c98-0d8c-45bd-b7a3-5dab77772943/node_modules/mongoose/lib/helpers/promiseOrCallback.js:31:10)
    at Mongoose.Object.&lt;anonymous&gt;.Mongoose._promiseOrCallback (/Users/dharmik/Desktop/77928c98-0d8c-45bd-b7a3-5dab77772943/node_modules/mongoose/lib/index.js:1149:10)
    at Mongoose.connect (/Users/dharmik/Desktop/77928c98-0d8c-45bd-b7a3-5dab77772943/node_modules/mongoose/lib/index.js:350:20)
    at Object.&lt;anonymous&gt; (/Users/dharmik/Desktop/77928c98-0d8c-45bd-b7a3-5dab77772943/src/mongoose/db/mongoose.js:4:10)
    at Runtime._execModule (/Users/dharmik/Desktop/77928c98-0d8c-45bd-b7a3-5dab77772943/node_modules/jest-runtime/build/index.js:867:68)
    at Runtime._loadModule (/Users/dharmik/Desktop/77928c98-0d8c-45bd-b7a3-5dab77772943/node_modules/jest-runtime/build/index.js:577:12)
    at Runtime.requireModule (/Users/dharmik/Desktop/77928c98-0d8c-45bd-b7a3-5dab77772943/node_modules/jest-runtime/build/index.js:433:10)
    at Runtime.require [as requireModuleOrMock] (/Users/dharmik/Desktop/77928c98-0d8c-45bd-b7a3-5dab77772943/node_modules/jest-runtime/build/index.js:598:21)
    at Object.&lt;anonymous&gt; (/Users/dharmik/Desktop/77928c98-0d8c-45bd-b7a3-5dab77772943/src/app.js:3:1)
    at Runtime._execModule (/Users/dharmik/Desktop/77928c98-0d8c-45bd-b7a3-5dab77772943/node_modules/jest-runtime/build/index.js:867:68)
    at Runtime._loadModule (/Users/dharmik/Desktop/77928c98-0d8c-45bd-b7a3-5dab77772943/node_modules/jest-runtime/build/index.js:577:12)
    at Runtime.requireModule (/Users/dharmik/Desktop/77928c98-0d8c-45bd-b7a3-5dab77772943/node_modules/jest-runtime/build/index.js:433:10)
    at Runtime.require [as requireModuleOrMock] (/Users/dharmik/Desktop/77928c98-0d8c-45bd-b7a3-5dab77772943/node_modules/jest-runtime/build/index.js:598:21)
    at Object.&lt;anonymous&gt; (/Users/dharmik/Desktop/77928c98-0d8c-45bd-b7a3-5dab77772943/test/admin.test.js:3:13)
    at Runtime._execModule (/Users/dharmik/Desktop/77928c98-0d8c-45bd-b7a3-5dab77772943/node_modules/jest-runtime/build/index.js:867:68)
    at Runtime._loadModule (/Users/dharmik/Desktop/77928c98-0d8c-45bd-b7a3-5dab77772943/node_modules/jest-runtime/build/index.js:577:12)
    at Runtime.requireModule (/Users/dharmik/Desktop/77928c98-0d8c-45bd-b7a3-5dab77772943/node_modules/jest-runtime/build/index.js:433:10)
    at /Users/dharmik/Desktop/77928c98-0d8c-45bd-b7a3-5dab77772943/node_modules/jest-jasmine2/build/index.js:202:13
    at Generator.next (&lt;anonymous&gt;)
    at asyncGeneratorStep (/Users/dharmik/Desktop/77928c98-0d8c-45bd-b7a3-5dab77772943/node_modules/jest-jasmine2/build/index.js:27:24)
    at _next (/Users/dharmik/Desktop/77928c98-0d8c-45bd-b7a3-5dab77772943/node_modules/jest-jasmine2/build/index.js:47:9)
    at /Users/dharmik/Desktop/77928c98-0d8c-45bd-b7a3-5dab77772943/node_modules/jest-jasmine2/build/index.js:52:7
    at new Promise (&lt;anonymous&gt;)
    at /Users/dharmik/Desktop/77928c98-0d8c-45bd-b7a3-5dab77772943/node_modules/jest-jasmine2/build/index.js:44:12
    at _jasmine (/Users/dharmik/Desktop/77928c98-0d8c-45bd-b7a3-5dab77772943/node_modules/jest-jasmine2/build/index.js:207:19)
    at jasmine2 (/Users/dharmik/Desktop/77928c98-0d8c-45bd-b7a3-5dab77772943/node_modules/jest-jasmine2/build/index.js:60:19)
    at /Users/dharmik/Desktop/77928c98-0d8c-45bd-b7a3-5dab77772943/node_modules/jest-runner/build/runTest.js:385:24
    at Generator.next (&lt;anonymous&gt;)
    at asyncGeneratorStep (/Users/dharmik/Desktop/77928c98-0d8c-45bd-b7a3-5dab77772943/node_modules/jest-runner/build/runTest.js:161:24)
    at _next (/Users/dharmik/Desktop/77928c98-0d8c-45bd-b7a3-5dab77772943/node_modules/jest-runner/build/runTest.js:181:9)
    at processTicksAndRejections (node:internal/process/task_queues:95:5)" type="AssertionError">
      </failure>
    </testcase>
    <testcase classname="Admin adding a new player with invalid name" name="Admin adding a new player with invalid name" time="0">
      <failure message="MongooseError: Operation `admins.deleteMany()` buffering timed out after 10000ms
    at /Users/dharmik/Desktop/77928c98-0d8c-45bd-b7a3-5dab77772943/node_modules/mongoose/lib/drivers/node-mongodb-native/collection.js:198:23
    at Timeout.callback (/Users/dharmik/Desktop/77928c98-0d8c-45bd-b7a3-5dab77772943/node_modules/jsdom/lib/jsdom/browser/Window.js:678:19)
    at listOnTimeout (node:internal/timers:581:17)
    at processTimers (node:internal/timers:519:7)" type="AssertionError">
      </failure>
      <failure message="Timeout - Async callback was not invoked within the 5000ms timeout specified by jest.setTimeout.Error: Timeout - Async callback was not invoked within the 5000ms timeout specified by jest.setTimeout.
    at mapper (/Users/dharmik/Desktop/77928c98-0d8c-45bd-b7a3-5dab77772943/node_modules/jest-jasmine2/build/queueRunner.js:25:45)
    at /Users/dharmik/Desktop/77928c98-0d8c-45bd-b7a3-5dab77772943/node_modules/jest-jasmine2/build/queueRunner.js:73:41
    at processTicksAndRejections (node:internal/process/task_queues:95:5)" type="AssertionError">
      </failure>
    </testcase>
    <testcase classname="Admin adding a new player with invalid age" name="Admin adding a new player with invalid age" time="0">
      <failure message="Error: expected 201 &quot;Created&quot;, got 400 &quot;Bad Request&quot;
    at Object.&lt;anonymous&gt; (/Users/dharmik/Desktop/77928c98-0d8c-45bd-b7a3-5dab77772943/test/admin.test.js:38:12)
    at Object.asyncJestTest (/Users/dharmik/Desktop/77928c98-0d8c-45bd-b7a3-5dab77772943/node_modules/jest-jasmine2/build/jasmineAsyncInstall.js:102:37)
    at /Users/dharmik/Desktop/77928c98-0d8c-45bd-b7a3-5dab77772943/node_modules/jest-jasmine2/build/queueRunner.js:43:12
    at new Promise (&lt;anonymous&gt;)
    at mapper (/Users/dharmik/Desktop/77928c98-0d8c-45bd-b7a3-5dab77772943/node_modules/jest-jasmine2/build/queueRunner.js:26:19)
    at /Users/dharmik/Desktop/77928c98-0d8c-45bd-b7a3-5dab77772943/node_modules/jest-jasmine2/build/queueRunner.js:73:41
----
    at Test._assertStatus (/Users/dharmik/Desktop/77928c98-0d8c-45bd-b7a3-5dab77772943/node_modules/supertest/lib/test.js:252:14)
    at /Users/dharmik/Desktop/77928c98-0d8c-45bd-b7a3-5dab77772943/node_modules/supertest/lib/test.js:308:13
    at Test._assertFunction (/Users/dharmik/Desktop/77928c98-0d8c-45bd-b7a3-5dab77772943/node_modules/supertest/lib/test.js:285:13)
    at Test.assert (/Users/dharmik/Desktop/77928c98-0d8c-45bd-b7a3-5dab77772943/node_modules/supertest/lib/test.js:164:23)
    at Server.localAssert (/Users/dharmik/Desktop/77928c98-0d8c-45bd-b7a3-5dab77772943/node_modules/supertest/lib/test.js:120:14)
    at Object.onceWrapper (node:events:634:28)
    at Server.emit (node:events:520:28)
    at emitCloseNT (node:net:2338:8)
    at processTicksAndRejections (node:internal/process/task_queues:81:21)" type="AssertionError">
      </failure>
      <failure message="MongooseError: Operation `admins.deleteMany()` buffering timed out after 10000ms
    at /Users/dharmik/Desktop/77928c98-0d8c-45bd-b7a3-5dab77772943/node_modules/mongoose/lib/drivers/node-mongodb-native/collection.js:198:23
    at Timeout.callback (/Users/dharmik/Desktop/77928c98-0d8c-45bd-b7a3-5dab77772943/node_modules/jsdom/lib/jsdom/browser/Window.js:678:19)
    at listOnTimeout (node:internal/timers:581:17)
    at processTimers (node:internal/timers:519:7)" type="AssertionError">
      </failure>
      <failure message="Timeout - Async callback was not invoked within the 5000ms timeout specified by jest.setTimeout.Error: Timeout - Async callback was not invoked within the 5000ms timeout specified by jest.setTimeout.
    at mapper (/Users/dharmik/Desktop/77928c98-0d8c-45bd-b7a3-5dab77772943/node_modules/jest-jasmine2/build/queueRunner.js:25:45)
    at /Users/dharmik/Desktop/77928c98-0d8c-45bd-b7a3-5dab77772943/node_modules/jest-jasmine2/build/queueRunner.js:73:41
    at processTicksAndRejections (node:internal/process/task_queues:95:5)" type="AssertionError">
      </failure>
    </testcase>
    <testcase classname="Admin adding a new player with invalid type" name="Admin adding a new player with invalid type" time="0">
      <failure message="MongooseError: Operation `admins.deleteMany()` buffering timed out after 10000ms
    at /Users/dharmik/Desktop/77928c98-0d8c-45bd-b7a3-5dab77772943/node_modules/mongoose/lib/drivers/node-mongodb-native/collection.js:198:23
    at Timeout.callback (/Users/dharmik/Desktop/77928c98-0d8c-45bd-b7a3-5dab77772943/node_modules/jsdom/lib/jsdom/browser/Window.js:678:19)
    at listOnTimeout (node:internal/timers:581:17)
    at processTimers (node:internal/timers:519:7)" type="AssertionError">
      </failure>
      <failure message="Timeout - Async callback was not invoked within the 5000ms timeout specified by jest.setTimeout.Error: Timeout - Async callback was not invoked within the 5000ms timeout specified by jest.setTimeout.
    at mapper (/Users/dharmik/Desktop/77928c98-0d8c-45bd-b7a3-5dab77772943/node_modules/jest-jasmine2/build/queueRunner.js:25:45)
    at /Users/dharmik/Desktop/77928c98-0d8c-45bd-b7a3-5dab77772943/node_modules/jest-jasmine2/build/queueRunner.js:73:41
    at processTicksAndRejections (node:internal/process/task_queues:95:5)" type="AssertionError">
      </failure>
    </testcase>
    <testcase classname="Admin adding a new player with invalid bats option" name="Admin adding a new player with invalid bats option" time="0">
      <failure message="MongooseError: Operation `admins.deleteMany()` buffering timed out after 10000ms
    at /Users/dharmik/Desktop/77928c98-0d8c-45bd-b7a3-5dab77772943/node_modules/mongoose/lib/drivers/node-mongodb-native/collection.js:198:23
    at Timeout.callback (/Users/dharmik/Desktop/77928c98-0d8c-45bd-b7a3-5dab77772943/node_modules/jsdom/lib/jsdom/browser/Window.js:678:19)
    at listOnTimeout (node:internal/timers:581:17)
    at processTimers (node:internal/timers:519:7)" type="AssertionError">
      </failure>
      <failure message="Timeout - Async callback was not invoked within the 5000ms timeout specified by jest.setTimeout.Error: Timeout - Async callback was not invoked within the 5000ms timeout specified by jest.setTimeout.
    at mapper (/Users/dharmik/Desktop/77928c98-0d8c-45bd-b7a3-5dab77772943/node_modules/jest-jasmine2/build/queueRunner.js:25:45)
    at /Users/dharmik/Desktop/77928c98-0d8c-45bd-b7a3-5dab77772943/node_modules/jest-jasmine2/build/queueRunner.js:73:41
    at processTicksAndRejections (node:internal/process/task_queues:95:5)" type="AssertionError">
      </failure>
    </testcase>
    <testcase classname="Admin adding a new player with invalid bowl option" name="Admin adding a new player with invalid bowl option" time="0">
      <failure message="MongooseError: Operation `admins.deleteMany()` buffering timed out after 10000ms
    at /Users/dharmik/Desktop/77928c98-0d8c-45bd-b7a3-5dab77772943/node_modules/mongoose/lib/drivers/node-mongodb-native/collection.js:198:23
    at Timeout.callback (/Users/dharmik/Desktop/77928c98-0d8c-45bd-b7a3-5dab77772943/node_modules/jsdom/lib/jsdom/browser/Window.js:678:19)
    at listOnTimeout (node:internal/timers:581:17)
    at processTimers (node:internal/timers:519:7)" type="AssertionError">
      </failure>
      <failure message="Timeout - Async callback was not invoked within the 5000ms timeout specified by jest.setTimeout.Error: Timeout - Async callback was not invoked within the 5000ms timeout specified by jest.setTimeout.
    at mapper (/Users/dharmik/Desktop/77928c98-0d8c-45bd-b7a3-5dab77772943/node_modules/jest-jasmine2/build/queueRunner.js:25:45)
    at /Users/dharmik/Desktop/77928c98-0d8c-45bd-b7a3-5dab77772943/node_modules/jest-jasmine2/build/queueRunner.js:73:41
    at processTicksAndRejections (node:internal/process/task_queues:95:5)" type="AssertionError">
      </failure>
    </testcase>
    <testcase classname="Admin adding a new player with invalid bowling style option" name="Admin adding a new player with invalid bowling style option" time="0">
      <failure message="MongooseError: Operation `admins.deleteMany()` buffering timed out after 10000ms
    at /Users/dharmik/Desktop/77928c98-0d8c-45bd-b7a3-5dab77772943/node_modules/mongoose/lib/drivers/node-mongodb-native/collection.js:198:23
    at Timeout.callback (/Users/dharmik/Desktop/77928c98-0d8c-45bd-b7a3-5dab77772943/node_modules/jsdom/lib/jsdom/browser/Window.js:678:19)
    at listOnTimeout (node:internal/timers:581:17)
    at processTimers (node:internal/timers:519:7)" type="AssertionError">
      </failure>
      <failure message="Timeout - Async callback was not invoked within the 5000ms timeout specified by jest.setTimeout.Error: Timeout - Async callback was not invoked within the 5000ms timeout specified by jest.setTimeout.
    at mapper (/Users/dharmik/Desktop/77928c98-0d8c-45bd-b7a3-5dab77772943/node_modules/jest-jasmine2/build/queueRunner.js:25:45)
    at /Users/dharmik/Desktop/77928c98-0d8c-45bd-b7a3-5dab77772943/node_modules/jest-jasmine2/build/queueRunner.js:73:41
    at processTicksAndRejections (node:internal/process/task_queues:95:5)" type="AssertionError">
      </failure>
    </testcase>
    <testcase classname="Viewing a player profile" name="Viewing a player profile" time="0">
      <failure message="MongooseError: Operation `admins.deleteMany()` buffering timed out after 10000ms
    at /Users/dharmik/Desktop/77928c98-0d8c-45bd-b7a3-5dab77772943/node_modules/mongoose/lib/drivers/node-mongodb-native/collection.js:198:23
    at Timeout.callback (/Users/dharmik/Desktop/77928c98-0d8c-45bd-b7a3-5dab77772943/node_modules/jsdom/lib/jsdom/browser/Window.js:678:19)
    at listOnTimeout (node:internal/timers:581:17)
    at processTimers (node:internal/timers:519:7)" type="AssertionError">
      </failure>
      <failure message="Timeout - Async callback was not invoked within the 5000ms timeout specified by jest.setTimeout.Error: Timeout - Async callback was not invoked within the 5000ms timeout specified by jest.setTimeout.
    at mapper (/Users/dharmik/Desktop/77928c98-0d8c-45bd-b7a3-5dab77772943/node_modules/jest-jasmine2/build/queueRunner.js:25:45)
    at /Users/dharmik/Desktop/77928c98-0d8c-45bd-b7a3-5dab77772943/node_modules/jest-jasmine2/build/queueRunner.js:73:41
    at processTicksAndRejections (node:internal/process/task_queues:95:5)" type="AssertionError">
      </failure>
      <failure message="MongooseError: Operation `admins.deleteMany()` buffering timed out after 10000ms
    at /Users/dharmik/Desktop/77928c98-0d8c-45bd-b7a3-5dab77772943/node_modules/mongoose/lib/drivers/node-mongodb-native/collection.js:198:23
    at Timeout.callback (/Users/dharmik/Desktop/77928c98-0d8c-45bd-b7a3-5dab77772943/node_modules/jsdom/lib/jsdom/browser/Window.js:678:19)
    at listOnTimeout (node:internal/timers:581:17)
    at processTimers (node:internal/timers:519:7)" type="AssertionError">
      </failure>
      <failure message=": Timeout - Async callback was not invoked within the 5000ms timeout specified by jest.setTimeout.Timeout - Async callback was not invoked within the 5000ms timeout specified by jest.setTimeout.Error: 
    at new Spec (/Users/dharmik/Desktop/77928c98-0d8c-45bd-b7a3-5dab77772943/node_modules/jest-jasmine2/build/jasmine/Spec.js:116:22)
    at new Spec (/Users/dharmik/Desktop/77928c98-0d8c-45bd-b7a3-5dab77772943/node_modules/jest-jasmine2/build/setup_jest_globals.js:80:9)
    at specFactory (/Users/dharmik/Desktop/77928c98-0d8c-45bd-b7a3-5dab77772943/node_modules/jest-jasmine2/build/jasmine/Env.js:575:24)
    at Env.it (/Users/dharmik/Desktop/77928c98-0d8c-45bd-b7a3-5dab77772943/node_modules/jest-jasmine2/build/jasmine/Env.js:644:24)
    at Env.it (/Users/dharmik/Desktop/77928c98-0d8c-45bd-b7a3-5dab77772943/node_modules/jest-jasmine2/build/jasmineAsyncInstall.js:132:23)
    at test (/Users/dharmik/Desktop/77928c98-0d8c-45bd-b7a3-5dab77772943/node_modules/jest-jasmine2/build/jasmine/jasmineLight.js:93:21)
    at Object.&lt;anonymous&gt; (/Users/dharmik/Desktop/77928c98-0d8c-45bd-b7a3-5dab77772943/test/admin.test.js:128:1)
    at Runtime._execModule (/Users/dharmik/Desktop/77928c98-0d8c-45bd-b7a3-5dab77772943/node_modules/jest-runtime/build/index.js:867:68)
    at Runtime._loadModule (/Users/dharmik/Desktop/77928c98-0d8c-45bd-b7a3-5dab77772943/node_modules/jest-runtime/build/index.js:577:12)
    at Runtime.requireModule (/Users/dharmik/Desktop/77928c98-0d8c-45bd-b7a3-5dab77772943/node_modules/jest-runtime/build/index.js:433:10)
    at /Users/dharmik/Desktop/77928c98-0d8c-45bd-b7a3-5dab77772943/node_modules/jest-jasmine2/build/index.js:202:13
    at Generator.next (&lt;anonymous&gt;)
    at asyncGeneratorStep (/Users/dharmik/Desktop/77928c98-0d8c-45bd-b7a3-5dab77772943/node_modules/jest-jasmine2/build/index.js:27:24)
    at _next (/Users/dharmik/Desktop/77928c98-0d8c-45bd-b7a3-5dab77772943/node_modules/jest-jasmine2/build/index.js:47:9)
    at /Users/dharmik/Desktop/77928c98-0d8c-45bd-b7a3-5dab77772943/node_modules/jest-jasmine2/build/index.js:52:7
    at new Promise (&lt;anonymous&gt;)
    at /Users/dharmik/Desktop/77928c98-0d8c-45bd-b7a3-5dab77772943/node_modules/jest-jasmine2/build/index.js:44:12
    at _jasmine (/Users/dharmik/Desktop/77928c98-0d8c-45bd-b7a3-5dab77772943/node_modules/jest-jasmine2/build/index.js:207:19)
    at jasmine2 (/Users/dharmik/Desktop/77928c98-0d8c-45bd-b7a3-5dab77772943/node_modules/jest-jasmine2/build/index.js:60:19)
    at /Users/dharmik/Desktop/77928c98-0d8c-45bd-b7a3-5dab77772943/node_modules/jest-runner/build/runTest.js:385:24
    at Generator.next (&lt;anonymous&gt;)
    at asyncGeneratorStep (/Users/dharmik/Desktop/77928c98-0d8c-45bd-b7a3-5dab77772943/node_modules/jest-runner/build/runTest.js:161:24)
    at _next (/Users/dharmik/Desktop/77928c98-0d8c-45bd-b7a3-5dab77772943/node_modules/jest-runner/build/runTest.js:181:9)
    at processTicksAndRejections (node:internal/process/task_queues:95:5)" type="AssertionError">
      </failure>
    </testcase>
    <testcase classname="Updating player details" name="Updating player details" time="0">
      <failure message="Timeout - Async callback was not invoked within the 5000ms timeout specified by jest.setTimeout.Error: Timeout - Async callback was not invoked within the 5000ms timeout specified by jest.setTimeout.
    at mapper (/Users/dharmik/Desktop/77928c98-0d8c-45bd-b7a3-5dab77772943/node_modules/jest-jasmine2/build/queueRunner.js:25:45)
    at /Users/dharmik/Desktop/77928c98-0d8c-45bd-b7a3-5dab77772943/node_modules/jest-jasmine2/build/queueRunner.js:73:41" type="AssertionError">
      </failure>
      <failure message="Error: expected 200 &quot;OK&quot;, got 400 &quot;Bad Request&quot;
    at Object.&lt;anonymous&gt; (/Users/dharmik/Desktop/77928c98-0d8c-45bd-b7a3-5dab77772943/test/admin.test.js:131:10)
    at Object.asyncJestTest (/Users/dharmik/Desktop/77928c98-0d8c-45bd-b7a3-5dab77772943/node_modules/jest-jasmine2/build/jasmineAsyncInstall.js:102:37)
    at /Users/dharmik/Desktop/77928c98-0d8c-45bd-b7a3-5dab77772943/node_modules/jest-jasmine2/build/queueRunner.js:43:12
    at new Promise (&lt;anonymous&gt;)
    at mapper (/Users/dharmik/Desktop/77928c98-0d8c-45bd-b7a3-5dab77772943/node_modules/jest-jasmine2/build/queueRunner.js:26:19)
    at /Users/dharmik/Desktop/77928c98-0d8c-45bd-b7a3-5dab77772943/node_modules/jest-jasmine2/build/queueRunner.js:73:41
----
    at Test._assertStatus (/Users/dharmik/Desktop/77928c98-0d8c-45bd-b7a3-5dab77772943/node_modules/supertest/lib/test.js:252:14)
    at /Users/dharmik/Desktop/77928c98-0d8c-45bd-b7a3-5dab77772943/node_modules/supertest/lib/test.js:308:13
    at Test._assertFunction (/Users/dharmik/Desktop/77928c98-0d8c-45bd-b7a3-5dab77772943/node_modules/supertest/lib/test.js:285:13)
    at Test.assert (/Users/dharmik/Desktop/77928c98-0d8c-45bd-b7a3-5dab77772943/node_modules/supertest/lib/test.js:164:23)
    at Server.localAssert (/Users/dharmik/Desktop/77928c98-0d8c-45bd-b7a3-5dab77772943/node_modules/supertest/lib/test.js:120:14)
    at Object.onceWrapper (node:events:634:28)
    at Server.emit (node:events:520:28)
    at emitCloseNT (node:net:2338:8)
    at processTicksAndRejections (node:internal/process/task_queues:81:21)" type="AssertionError">
      </failure>
      <failure message="MongooseError: Operation `admins.deleteMany()` buffering timed out after 10000ms
    at /Users/dharmik/Desktop/77928c98-0d8c-45bd-b7a3-5dab77772943/node_modules/mongoose/lib/drivers/node-mongodb-native/collection.js:198:23
    at Timeout.callback (/Users/dharmik/Desktop/77928c98-0d8c-45bd-b7a3-5dab77772943/node_modules/jsdom/lib/jsdom/browser/Window.js:678:19)
    at listOnTimeout (node:internal/timers:581:17)
    at processTimers (node:internal/timers:519:7)" type="AssertionError">
      </failure>
      <failure message=": Timeout - Async callback was not invoked within the 5000ms timeout specified by jest.setTimeout.Timeout - Async callback was not invoked within the 5000ms timeout specified by jest.setTimeout.Error: 
    at new Spec (/Users/dharmik/Desktop/77928c98-0d8c-45bd-b7a3-5dab77772943/node_modules/jest-jasmine2/build/jasmine/Spec.js:116:22)
    at new Spec (/Users/dharmik/Desktop/77928c98-0d8c-45bd-b7a3-5dab77772943/node_modules/jest-jasmine2/build/setup_jest_globals.js:80:9)
    at specFactory (/Users/dharmik/Desktop/77928c98-0d8c-45bd-b7a3-5dab77772943/node_modules/jest-jasmine2/build/jasmine/Env.js:575:24)
    at Env.it (/Users/dharmik/Desktop/77928c98-0d8c-45bd-b7a3-5dab77772943/node_modules/jest-jasmine2/build/jasmine/Env.js:644:24)
    at Env.it (/Users/dharmik/Desktop/77928c98-0d8c-45bd-b7a3-5dab77772943/node_modules/jest-jasmine2/build/jasmineAsyncInstall.js:132:23)
    at test (/Users/dharmik/Desktop/77928c98-0d8c-45bd-b7a3-5dab77772943/node_modules/jest-jasmine2/build/jasmine/jasmineLight.js:93:21)
    at Object.&lt;anonymous&gt; (/Users/dharmik/Desktop/77928c98-0d8c-45bd-b7a3-5dab77772943/test/admin.test.js:137:1)
    at Runtime._execModule (/Users/dharmik/Desktop/77928c98-0d8c-45bd-b7a3-5dab77772943/node_modules/jest-runtime/build/index.js:867:68)
    at Runtime._loadModule (/Users/dharmik/Desktop/77928c98-0d8c-45bd-b7a3-5dab77772943/node_modules/jest-runtime/build/index.js:577:12)
    at Runtime.requireModule (/Users/dharmik/Desktop/77928c98-0d8c-45bd-b7a3-5dab77772943/node_modules/jest-runtime/build/index.js:433:10)
    at /Users/dharmik/Desktop/77928c98-0d8c-45bd-b7a3-5dab77772943/node_modules/jest-jasmine2/build/index.js:202:13
    at Generator.next (&lt;anonymous&gt;)
    at asyncGeneratorStep (/Users/dharmik/Desktop/77928c98-0d8c-45bd-b7a3-5dab77772943/node_modules/jest-jasmine2/build/index.js:27:24)
    at _next (/Users/dharmik/Desktop/77928c98-0d8c-45bd-b7a3-5dab77772943/node_modules/jest-jasmine2/build/index.js:47:9)
    at /Users/dharmik/Desktop/77928c98-0d8c-45bd-b7a3-5dab77772943/node_modules/jest-jasmine2/build/index.js:52:7
    at new Promise (&lt;anonymous&gt;)
    at /Users/dharmik/Desktop/77928c98-0d8c-45bd-b7a3-5dab77772943/node_modules/jest-jasmine2/build/index.js:44:12
    at _jasmine (/Users/dharmik/Desktop/77928c98-0d8c-45bd-b7a3-5dab77772943/node_modules/jest-jasmine2/build/index.js:207:19)
    at jasmine2 (/Users/dharmik/Desktop/77928c98-0d8c-45bd-b7a3-5dab77772943/node_modules/jest-jasmine2/build/index.js:60:19)
    at /Users/dharmik/Desktop/77928c98-0d8c-45bd-b7a3-5dab77772943/node_modules/jest-runner/build/runTest.js:385:24
    at Generator.next (&lt;anonymous&gt;)
    at asyncGeneratorStep (/Users/dharmik/Desktop/77928c98-0d8c-45bd-b7a3-5dab77772943/node_modules/jest-runner/build/runTest.js:161:24)
    at _next (/Users/dharmik/Desktop/77928c98-0d8c-45bd-b7a3-5dab77772943/node_modules/jest-runner/build/runTest.js:181:9)
    at processTicksAndRejections (node:internal/process/task_queues:95:5)" type="AssertionError">
      </failure>
    </testcase>
    <testcase classname="Deleting a player" name="Deleting a player" time="0">
      <failure message="Timeout - Async callback was not invoked within the 5000ms timeout specified by jest.setTimeout.Error: Timeout - Async callback was not invoked within the 5000ms timeout specified by jest.setTimeout.
    at mapper (/Users/dharmik/Desktop/77928c98-0d8c-45bd-b7a3-5dab77772943/node_modules/jest-jasmine2/build/queueRunner.js:25:45)
    at /Users/dharmik/Desktop/77928c98-0d8c-45bd-b7a3-5dab77772943/node_modules/jest-jasmine2/build/queueRunner.js:73:41" type="AssertionError">
      </failure>
      <failure message="Error: expected 200 &quot;OK&quot;, got 400 &quot;Bad Request&quot;
    at Object.&lt;anonymous&gt; (/Users/dharmik/Desktop/77928c98-0d8c-45bd-b7a3-5dab77772943/test/admin.test.js:142:12)
    at Object.asyncJestTest (/Users/dharmik/Desktop/77928c98-0d8c-45bd-b7a3-5dab77772943/node_modules/jest-jasmine2/build/jasmineAsyncInstall.js:102:37)
    at /Users/dharmik/Desktop/77928c98-0d8c-45bd-b7a3-5dab77772943/node_modules/jest-jasmine2/build/queueRunner.js:43:12
    at new Promise (&lt;anonymous&gt;)
    at mapper (/Users/dharmik/Desktop/77928c98-0d8c-45bd-b7a3-5dab77772943/node_modules/jest-jasmine2/build/queueRunner.js:26:19)
    at /Users/dharmik/Desktop/77928c98-0d8c-45bd-b7a3-5dab77772943/node_modules/jest-jasmine2/build/queueRunner.js:73:41
----
    at Test._assertStatus (/Users/dharmik/Desktop/77928c98-0d8c-45bd-b7a3-5dab77772943/node_modules/supertest/lib/test.js:252:14)
    at /Users/dharmik/Desktop/77928c98-0d8c-45bd-b7a3-5dab77772943/node_modules/supertest/lib/test.js:308:13
    at Test._assertFunction (/Users/dharmik/Desktop/77928c98-0d8c-45bd-b7a3-5dab77772943/node_modules/supertest/lib/test.js:285:13)
    at Test.assert (/Users/dharmik/Desktop/77928c98-0d8c-45bd-b7a3-5dab77772943/node_modules/supertest/lib/test.js:164:23)
    at Server.localAssert (/Users/dharmik/Desktop/77928c98-0d8c-45bd-b7a3-5dab77772943/node_modules/supertest/lib/test.js:120:14)
    at Object.onceWrapper (node:events:634:28)
    at Server.emit (node:events:520:28)
    at emitCloseNT (node:net:2338:8)
    at processTicksAndRejections (node:internal/process/task_queues:81:21)" type="AssertionError">
      </failure>
      <failure message="MongooseError: Operation `admins.deleteMany()` buffering timed out after 10000ms
    at /Users/dharmik/Desktop/77928c98-0d8c-45bd-b7a3-5dab77772943/node_modules/mongoose/lib/drivers/node-mongodb-native/collection.js:198:23
    at Timeout.callback (/Users/dharmik/Desktop/77928c98-0d8c-45bd-b7a3-5dab77772943/node_modules/jsdom/lib/jsdom/browser/Window.js:678:19)
    at listOnTimeout (node:internal/timers:581:17)
    at processTimers (node:internal/timers:519:7)" type="AssertionError">
      </failure>
      <failure message=": Timeout - Async callback was not invoked within the 5000ms timeout specified by jest.setTimeout.Timeout - Async callback was not invoked within the 5000ms timeout specified by jest.setTimeout.Error: 
    at new Spec (/Users/dharmik/Desktop/77928c98-0d8c-45bd-b7a3-5dab77772943/node_modules/jest-jasmine2/build/jasmine/Spec.js:116:22)
    at new Spec (/Users/dharmik/Desktop/77928c98-0d8c-45bd-b7a3-5dab77772943/node_modules/jest-jasmine2/build/setup_jest_globals.js:80:9)
    at specFactory (/Users/dharmik/Desktop/77928c98-0d8c-45bd-b7a3-5dab77772943/node_modules/jest-jasmine2/build/jasmine/Env.js:575:24)
    at Env.it (/Users/dharmik/Desktop/77928c98-0d8c-45bd-b7a3-5dab77772943/node_modules/jest-jasmine2/build/jasmine/Env.js:644:24)
    at Env.it (/Users/dharmik/Desktop/77928c98-0d8c-45bd-b7a3-5dab77772943/node_modules/jest-jasmine2/build/jasmineAsyncInstall.js:132:23)
    at test (/Users/dharmik/Desktop/77928c98-0d8c-45bd-b7a3-5dab77772943/node_modules/jest-jasmine2/build/jasmine/jasmineLight.js:93:21)
    at Object.&lt;anonymous&gt; (/Users/dharmik/Desktop/77928c98-0d8c-45bd-b7a3-5dab77772943/test/admin.test.js:148:1)
    at Runtime._execModule (/Users/dharmik/Desktop/77928c98-0d8c-45bd-b7a3-5dab77772943/node_modules/jest-runtime/build/index.js:867:68)
    at Runtime._loadModule (/Users/dharmik/Desktop/77928c98-0d8c-45bd-b7a3-5dab77772943/node_modules/jest-runtime/build/index.js:577:12)
    at Runtime.requireModule (/Users/dharmik/Desktop/77928c98-0d8c-45bd-b7a3-5dab77772943/node_modules/jest-runtime/build/index.js:433:10)
    at /Users/dharmik/Desktop/77928c98-0d8c-45bd-b7a3-5dab77772943/node_modules/jest-jasmine2/build/index.js:202:13
    at Generator.next (&lt;anonymous&gt;)
    at asyncGeneratorStep (/Users/dharmik/Desktop/77928c98-0d8c-45bd-b7a3-5dab77772943/node_modules/jest-jasmine2/build/index.js:27:24)
    at _next (/Users/dharmik/Desktop/77928c98-0d8c-45bd-b7a3-5dab77772943/node_modules/jest-jasmine2/build/index.js:47:9)
    at /Users/dharmik/Desktop/77928c98-0d8c-45bd-b7a3-5dab77772943/node_modules/jest-jasmine2/build/index.js:52:7
    at new Promise (&lt;anonymous&gt;)
    at /Users/dharmik/Desktop/77928c98-0d8c-45bd-b7a3-5dab77772943/node_modules/jest-jasmine2/build/index.js:44:12
    at _jasmine (/Users/dharmik/Desktop/77928c98-0d8c-45bd-b7a3-5dab77772943/node_modules/jest-jasmine2/build/index.js:207:19)
    at jasmine2 (/Users/dharmik/Desktop/77928c98-0d8c-45bd-b7a3-5dab77772943/node_modules/jest-jasmine2/build/index.js:60:19)
    at /Users/dharmik/Desktop/77928c98-0d8c-45bd-b7a3-5dab77772943/node_modules/jest-runner/build/runTest.js:385:24
    at Generator.next (&lt;anonymous&gt;)
    at asyncGeneratorStep (/Users/dharmik/Desktop/77928c98-0d8c-45bd-b7a3-5dab77772943/node_modules/jest-runner/build/runTest.js:161:24)
    at _next (/Users/dharmik/Desktop/77928c98-0d8c-45bd-b7a3-5dab77772943/node_modules/jest-runner/build/runTest.js:181:9)
    at processTicksAndRejections (node:internal/process/task_queues:95:5)" type="AssertionError">
      </failure>
    </testcase>
    <testcase classname="Viewing players of a team" name="Viewing players of a team" time="0">
      <failure message="Timeout - Async callback was not invoked within the 5000ms timeout specified by jest.setTimeout.Error: Timeout - Async callback was not invoked within the 5000ms timeout specified by jest.setTimeout.
    at mapper (/Users/dharmik/Desktop/77928c98-0d8c-45bd-b7a3-5dab77772943/node_modules/jest-jasmine2/build/queueRunner.js:25:45)
    at /Users/dharmik/Desktop/77928c98-0d8c-45bd-b7a3-5dab77772943/node_modules/jest-jasmine2/build/queueRunner.js:73:41" type="AssertionError">
      </failure>
      <failure message="Error: expected 200 &quot;OK&quot;, got 400 &quot;Bad Request&quot;
    at Object.&lt;anonymous&gt; (/Users/dharmik/Desktop/77928c98-0d8c-45bd-b7a3-5dab77772943/test/admin.test.js:151:10)
    at Object.asyncJestTest (/Users/dharmik/Desktop/77928c98-0d8c-45bd-b7a3-5dab77772943/node_modules/jest-jasmine2/build/jasmineAsyncInstall.js:102:37)
    at /Users/dharmik/Desktop/77928c98-0d8c-45bd-b7a3-5dab77772943/node_modules/jest-jasmine2/build/queueRunner.js:43:12
    at new Promise (&lt;anonymous&gt;)
    at mapper (/Users/dharmik/Desktop/77928c98-0d8c-45bd-b7a3-5dab77772943/node_modules/jest-jasmine2/build/queueRunner.js:26:19)
    at /Users/dharmik/Desktop/77928c98-0d8c-45bd-b7a3-5dab77772943/node_modules/jest-jasmine2/build/queueRunner.js:73:41
----
    at Test._assertStatus (/Users/dharmik/Desktop/77928c98-0d8c-45bd-b7a3-5dab77772943/node_modules/supertest/lib/test.js:252:14)
    at /Users/dharmik/Desktop/77928c98-0d8c-45bd-b7a3-5dab77772943/node_modules/supertest/lib/test.js:308:13
    at Test._assertFunction (/Users/dharmik/Desktop/77928c98-0d8c-45bd-b7a3-5dab77772943/node_modules/supertest/lib/test.js:285:13)
    at Test.assert (/Users/dharmik/Desktop/77928c98-0d8c-45bd-b7a3-5dab77772943/node_modules/supertest/lib/test.js:164:23)
    at Server.localAssert (/Users/dharmik/Desktop/77928c98-0d8c-45bd-b7a3-5dab77772943/node_modules/supertest/lib/test.js:120:14)
    at Object.onceWrapper (node:events:634:28)
    at Server.emit (node:events:520:28)
    at emitCloseNT (node:net:2338:8)
    at processTicksAndRejections (node:internal/process/task_queues:81:21)" type="AssertionError">
      </failure>
      <failure message="MongooseError: Operation `admins.deleteMany()` buffering timed out after 10000ms
    at /Users/dharmik/Desktop/77928c98-0d8c-45bd-b7a3-5dab77772943/node_modules/mongoose/lib/drivers/node-mongodb-native/collection.js:198:23
    at Timeout.callback (/Users/dharmik/Desktop/77928c98-0d8c-45bd-b7a3-5dab77772943/node_modules/jsdom/lib/jsdom/browser/Window.js:678:19)
    at listOnTimeout (node:internal/timers:581:17)
    at processTimers (node:internal/timers:519:7)" type="AssertionError">
      </failure>
      <failure message=": Timeout - Async callback was not invoked within the 5000ms timeout specified by jest.setTimeout.Timeout - Async callback was not invoked within the 5000ms timeout specified by jest.setTimeout.Error: 
    at new Spec (/Users/dharmik/Desktop/77928c98-0d8c-45bd-b7a3-5dab77772943/node_modules/jest-jasmine2/build/jasmine/Spec.js:116:22)
    at new Spec (/Users/dharmik/Desktop/77928c98-0d8c-45bd-b7a3-5dab77772943/node_modules/jest-jasmine2/build/setup_jest_globals.js:80:9)
    at specFactory (/Users/dharmik/Desktop/77928c98-0d8c-45bd-b7a3-5dab77772943/node_modules/jest-jasmine2/build/jasmine/Env.js:575:24)
    at Env.it (/Users/dharmik/Desktop/77928c98-0d8c-45bd-b7a3-5dab77772943/node_modules/jest-jasmine2/build/jasmine/Env.js:644:24)
    at Env.it (/Users/dharmik/Desktop/77928c98-0d8c-45bd-b7a3-5dab77772943/node_modules/jest-jasmine2/build/jasmineAsyncInstall.js:132:23)
    at test (/Users/dharmik/Desktop/77928c98-0d8c-45bd-b7a3-5dab77772943/node_modules/jest-jasmine2/build/jasmine/jasmineLight.js:93:21)
    at Object.&lt;anonymous&gt; (/Users/dharmik/Desktop/77928c98-0d8c-45bd-b7a3-5dab77772943/test/admin.test.js:157:1)
    at Runtime._execModule (/Users/dharmik/Desktop/77928c98-0d8c-45bd-b7a3-5dab77772943/node_modules/jest-runtime/build/index.js:867:68)
    at Runtime._loadModule (/Users/dharmik/Desktop/77928c98-0d8c-45bd-b7a3-5dab77772943/node_modules/jest-runtime/build/index.js:577:12)
    at Runtime.requireModule (/Users/dharmik/Desktop/77928c98-0d8c-45bd-b7a3-5dab77772943/node_modules/jest-runtime/build/index.js:433:10)
    at /Users/dharmik/Desktop/77928c98-0d8c-45bd-b7a3-5dab77772943/node_modules/jest-jasmine2/build/index.js:202:13
    at Generator.next (&lt;anonymous&gt;)
    at asyncGeneratorStep (/Users/dharmik/Desktop/77928c98-0d8c-45bd-b7a3-5dab77772943/node_modules/jest-jasmine2/build/index.js:27:24)
    at _next (/Users/dharmik/Desktop/77928c98-0d8c-45bd-b7a3-5dab77772943/node_modules/jest-jasmine2/build/index.js:47:9)
    at /Users/dharmik/Desktop/77928c98-0d8c-45bd-b7a3-5dab77772943/node_modules/jest-jasmine2/build/index.js:52:7
    at new Promise (&lt;anonymous&gt;)
    at /Users/dharmik/Desktop/77928c98-0d8c-45bd-b7a3-5dab77772943/node_modules/jest-jasmine2/build/index.js:44:12
    at _jasmine (/Users/dharmik/Desktop/77928c98-0d8c-45bd-b7a3-5dab77772943/node_modules/jest-jasmine2/build/index.js:207:19)
    at jasmine2 (/Users/dharmik/Desktop/77928c98-0d8c-45bd-b7a3-5dab77772943/node_modules/jest-jasmine2/build/index.js:60:19)
    at /Users/dharmik/Desktop/77928c98-0d8c-45bd-b7a3-5dab77772943/node_modules/jest-runner/build/runTest.js:385:24
    at Generator.next (&lt;anonymous&gt;)
    at asyncGeneratorStep (/Users/dharmik/Desktop/77928c98-0d8c-45bd-b7a3-5dab77772943/node_modules/jest-runner/build/runTest.js:161:24)
    at _next (/Users/dharmik/Desktop/77928c98-0d8c-45bd-b7a3-5dab77772943/node_modules/jest-runner/build/runTest.js:181:9)
    at processTicksAndRejections (node:internal/process/task_queues:95:5)" type="AssertionError">
      </failure>
    </testcase>
    <testcase classname="Updating an sold detail in auction" name="Updating an sold detail in auction" time="0">
      <failure message="Timeout - Async callback was not invoked within the 5000ms timeout specified by jest.setTimeout.Error: Timeout - Async callback was not invoked within the 5000ms timeout specified by jest.setTimeout.
    at mapper (/Users/dharmik/Desktop/77928c98-0d8c-45bd-b7a3-5dab77772943/node_modules/jest-jasmine2/build/queueRunner.js:25:45)
    at /Users/dharmik/Desktop/77928c98-0d8c-45bd-b7a3-5dab77772943/node_modules/jest-jasmine2/build/queueRunner.js:73:41" type="AssertionError">
      </failure>
      <failure message="Error: expected 200 &quot;OK&quot;, got 400 &quot;Bad Request&quot;
    at Object.&lt;anonymous&gt; (/Users/dharmik/Desktop/77928c98-0d8c-45bd-b7a3-5dab77772943/test/admin.test.js:160:10)
    at Object.asyncJestTest (/Users/dharmik/Desktop/77928c98-0d8c-45bd-b7a3-5dab77772943/node_modules/jest-jasmine2/build/jasmineAsyncInstall.js:102:37)
    at /Users/dharmik/Desktop/77928c98-0d8c-45bd-b7a3-5dab77772943/node_modules/jest-jasmine2/build/queueRunner.js:43:12
    at new Promise (&lt;anonymous&gt;)
    at mapper (/Users/dharmik/Desktop/77928c98-0d8c-45bd-b7a3-5dab77772943/node_modules/jest-jasmine2/build/queueRunner.js:26:19)
    at /Users/dharmik/Desktop/77928c98-0d8c-45bd-b7a3-5dab77772943/node_modules/jest-jasmine2/build/queueRunner.js:73:41
----
    at Test._assertStatus (/Users/dharmik/Desktop/77928c98-0d8c-45bd-b7a3-5dab77772943/node_modules/supertest/lib/test.js:252:14)
    at /Users/dharmik/Desktop/77928c98-0d8c-45bd-b7a3-5dab77772943/node_modules/supertest/lib/test.js:308:13
    at Test._assertFunction (/Users/dharmik/Desktop/77928c98-0d8c-45bd-b7a3-5dab77772943/node_modules/supertest/lib/test.js:285:13)
    at Test.assert (/Users/dharmik/Desktop/77928c98-0d8c-45bd-b7a3-5dab77772943/node_modules/supertest/lib/test.js:164:23)
    at Server.localAssert (/Users/dharmik/Desktop/77928c98-0d8c-45bd-b7a3-5dab77772943/node_modules/supertest/lib/test.js:120:14)
    at Object.onceWrapper (node:events:634:28)
    at Server.emit (node:events:520:28)
    at emitCloseNT (node:net:2338:8)
    at processTicksAndRejections (node:internal/process/task_queues:81:21)" type="AssertionError">
      </failure>
      <failure message="MongooseError: Operation `admins.deleteMany()` buffering timed out after 10000ms
    at /Users/dharmik/Desktop/77928c98-0d8c-45bd-b7a3-5dab77772943/node_modules/mongoose/lib/drivers/node-mongodb-native/collection.js:198:23
    at Timeout.callback (/Users/dharmik/Desktop/77928c98-0d8c-45bd-b7a3-5dab77772943/node_modules/jsdom/lib/jsdom/browser/Window.js:678:19)
    at listOnTimeout (node:internal/timers:581:17)
    at processTimers (node:internal/timers:519:7)" type="AssertionError">
      </failure>
      <failure message=": Timeout - Async callback was not invoked within the 5000ms timeout specified by jest.setTimeout.Timeout - Async callback was not invoked within the 5000ms timeout specified by jest.setTimeout.Error: 
    at new Spec (/Users/dharmik/Desktop/77928c98-0d8c-45bd-b7a3-5dab77772943/node_modules/jest-jasmine2/build/jasmine/Spec.js:116:22)
    at new Spec (/Users/dharmik/Desktop/77928c98-0d8c-45bd-b7a3-5dab77772943/node_modules/jest-jasmine2/build/setup_jest_globals.js:80:9)
    at specFactory (/Users/dharmik/Desktop/77928c98-0d8c-45bd-b7a3-5dab77772943/node_modules/jest-jasmine2/build/jasmine/Env.js:575:24)
    at Env.it (/Users/dharmik/Desktop/77928c98-0d8c-45bd-b7a3-5dab77772943/node_modules/jest-jasmine2/build/jasmine/Env.js:644:24)
    at Env.it (/Users/dharmik/Desktop/77928c98-0d8c-45bd-b7a3-5dab77772943/node_modules/jest-jasmine2/build/jasmineAsyncInstall.js:132:23)
    at test (/Users/dharmik/Desktop/77928c98-0d8c-45bd-b7a3-5dab77772943/node_modules/jest-jasmine2/build/jasmine/jasmineLight.js:93:21)
    at Object.&lt;anonymous&gt; (/Users/dharmik/Desktop/77928c98-0d8c-45bd-b7a3-5dab77772943/test/admin.test.js:165:1)
    at Runtime._execModule (/Users/dharmik/Desktop/77928c98-0d8c-45bd-b7a3-5dab77772943/node_modules/jest-runtime/build/index.js:867:68)
    at Runtime._loadModule (/Users/dharmik/Desktop/77928c98-0d8c-45bd-b7a3-5dab77772943/node_modules/jest-runtime/build/index.js:577:12)
    at Runtime.requireModule (/Users/dharmik/Desktop/77928c98-0d8c-45bd-b7a3-5dab77772943/node_modules/jest-runtime/build/index.js:433:10)
    at /Users/dharmik/Desktop/77928c98-0d8c-45bd-b7a3-5dab77772943/node_modules/jest-jasmine2/build/index.js:202:13
    at Generator.next (&lt;anonymous&gt;)
    at asyncGeneratorStep (/Users/dharmik/Desktop/77928c98-0d8c-45bd-b7a3-5dab77772943/node_modules/jest-jasmine2/build/index.js:27:24)
    at _next (/Users/dharmik/Desktop/77928c98-0d8c-45bd-b7a3-5dab77772943/node_modules/jest-jasmine2/build/index.js:47:9)
    at /Users/dharmik/Desktop/77928c98-0d8c-45bd-b7a3-5dab77772943/node_modules/jest-jasmine2/build/index.js:52:7
    at new Promise (&lt;anonymous&gt;)
    at /Users/dharmik/Desktop/77928c98-0d8c-45bd-b7a3-5dab77772943/node_modules/jest-jasmine2/build/index.js:44:12
    at _jasmine (/Users/dharmik/Desktop/77928c98-0d8c-45bd-b7a3-5dab77772943/node_modules/jest-jasmine2/build/index.js:207:19)
    at jasmine2 (/Users/dharmik/Desktop/77928c98-0d8c-45bd-b7a3-5dab77772943/node_modules/jest-jasmine2/build/index.js:60:19)
    at /Users/dharmik/Desktop/77928c98-0d8c-45bd-b7a3-5dab77772943/node_modules/jest-runner/build/runTest.js:385:24
    at Generator.next (&lt;anonymous&gt;)
    at asyncGeneratorStep (/Users/dharmik/Desktop/77928c98-0d8c-45bd-b7a3-5dab77772943/node_modules/jest-runner/build/runTest.js:161:24)
    at _next (/Users/dharmik/Desktop/77928c98-0d8c-45bd-b7a3-5dab77772943/node_modules/jest-runner/build/runTest.js:181:9)
    at processTicksAndRejections (node:internal/process/task_queues:95:5)" type="AssertionError">
      </failure>
    </testcase>
    <testcase classname="Bidding a player" name="Bidding a player" time="0">
      <failure message="Timeout - Async callback was not invoked within the 5000ms timeout specified by jest.setTimeout.Error: Timeout - Async callback was not invoked within the 5000ms timeout specified by jest.setTimeout.
    at mapper (/Users/dharmik/Desktop/77928c98-0d8c-45bd-b7a3-5dab77772943/node_modules/jest-jasmine2/build/queueRunner.js:25:45)
    at /Users/dharmik/Desktop/77928c98-0d8c-45bd-b7a3-5dab77772943/node_modules/jest-jasmine2/build/queueRunner.js:73:41" type="AssertionError">
      </failure>
      <failure message="Error: expected 200 &quot;OK&quot;, got 400 &quot;Bad Request&quot;
    at Object.&lt;anonymous&gt; (/Users/dharmik/Desktop/77928c98-0d8c-45bd-b7a3-5dab77772943/test/admin.test.js:171:10)
    at Object.asyncJestTest (/Users/dharmik/Desktop/77928c98-0d8c-45bd-b7a3-5dab77772943/node_modules/jest-jasmine2/build/jasmineAsyncInstall.js:102:37)
    at /Users/dharmik/Desktop/77928c98-0d8c-45bd-b7a3-5dab77772943/node_modules/jest-jasmine2/build/queueRunner.js:43:12
    at new Promise (&lt;anonymous&gt;)
    at mapper (/Users/dharmik/Desktop/77928c98-0d8c-45bd-b7a3-5dab77772943/node_modules/jest-jasmine2/build/queueRunner.js:26:19)
    at /Users/dharmik/Desktop/77928c98-0d8c-45bd-b7a3-5dab77772943/node_modules/jest-jasmine2/build/queueRunner.js:73:41
----
    at Test._assertStatus (/Users/dharmik/Desktop/77928c98-0d8c-45bd-b7a3-5dab77772943/node_modules/supertest/lib/test.js:252:14)
    at /Users/dharmik/Desktop/77928c98-0d8c-45bd-b7a3-5dab77772943/node_modules/supertest/lib/test.js:308:13
    at Test._assertFunction (/Users/dharmik/Desktop/77928c98-0d8c-45bd-b7a3-5dab77772943/node_modules/supertest/lib/test.js:285:13)
    at Test.assert (/Users/dharmik/Desktop/77928c98-0d8c-45bd-b7a3-5dab77772943/node_modules/supertest/lib/test.js:164:23)
    at Server.localAssert (/Users/dharmik/Desktop/77928c98-0d8c-45bd-b7a3-5dab77772943/node_modules/supertest/lib/test.js:120:14)
    at Object.onceWrapper (node:events:634:28)
    at Server.emit (node:events:520:28)
    at emitCloseNT (node:net:2338:8)
    at processTicksAndRejections (node:internal/process/task_queues:81:21)" type="AssertionError">
      </failure>
      <failure message="MongooseError: Operation `admins.deleteMany()` buffering timed out after 10000ms
    at /Users/dharmik/Desktop/77928c98-0d8c-45bd-b7a3-5dab77772943/node_modules/mongoose/lib/drivers/node-mongodb-native/collection.js:198:23
    at Timeout.callback (/Users/dharmik/Desktop/77928c98-0d8c-45bd-b7a3-5dab77772943/node_modules/jsdom/lib/jsdom/browser/Window.js:678:19)
    at listOnTimeout (node:internal/timers:581:17)
    at processTimers (node:internal/timers:519:7)" type="AssertionError">
      </failure>
      <failure message=": Timeout - Async callback was not invoked within the 5000ms timeout specified by jest.setTimeout.Timeout - Async callback was not invoked within the 5000ms timeout specified by jest.setTimeout.Error: 
    at new Spec (/Users/dharmik/Desktop/77928c98-0d8c-45bd-b7a3-5dab77772943/node_modules/jest-jasmine2/build/jasmine/Spec.js:116:22)
    at new Spec (/Users/dharmik/Desktop/77928c98-0d8c-45bd-b7a3-5dab77772943/node_modules/jest-jasmine2/build/setup_jest_globals.js:80:9)
    at specFactory (/Users/dharmik/Desktop/77928c98-0d8c-45bd-b7a3-5dab77772943/node_modules/jest-jasmine2/build/jasmine/Env.js:575:24)
    at Env.it (/Users/dharmik/Desktop/77928c98-0d8c-45bd-b7a3-5dab77772943/node_modules/jest-jasmine2/build/jasmine/Env.js:644:24)
    at Env.it (/Users/dharmik/Desktop/77928c98-0d8c-45bd-b7a3-5dab77772943/node_modules/jest-jasmine2/build/jasmineAsyncInstall.js:132:23)
    at test (/Users/dharmik/Desktop/77928c98-0d8c-45bd-b7a3-5dab77772943/node_modules/jest-jasmine2/build/jasmine/jasmineLight.js:93:21)
    at Object.&lt;anonymous&gt; (/Users/dharmik/Desktop/77928c98-0d8c-45bd-b7a3-5dab77772943/test/admin.test.js:177:1)
    at Runtime._execModule (/Users/dharmik/Desktop/77928c98-0d8c-45bd-b7a3-5dab77772943/node_modules/jest-runtime/build/index.js:867:68)
    at Runtime._loadModule (/Users/dharmik/Desktop/77928c98-0d8c-45bd-b7a3-5dab77772943/node_modules/jest-runtime/build/index.js:577:12)
    at Runtime.requireModule (/Users/dharmik/Desktop/77928c98-0d8c-45bd-b7a3-5dab77772943/node_modules/jest-runtime/build/index.js:433:10)
    at /Users/dharmik/Desktop/77928c98-0d8c-45bd-b7a3-5dab77772943/node_modules/jest-jasmine2/build/index.js:202:13
    at Generator.next (&lt;anonymous&gt;)
    at asyncGeneratorStep (/Users/dharmik/Desktop/77928c98-0d8c-45bd-b7a3-5dab77772943/node_modules/jest-jasmine2/build/index.js:27:24)
    at _next (/Users/dharmik/Desktop/77928c98-0d8c-45bd-b7a3-5dab77772943/node_modules/jest-jasmine2/build/index.js:47:9)
    at /Users/dharmik/Desktop/77928c98-0d8c-45bd-b7a3-5dab77772943/node_modules/jest-jasmine2/build/index.js:52:7
    at new Promise (&lt;anonymous&gt;)
    at /Users/dharmik/Desktop/77928c98-0d8c-45bd-b7a3-5dab77772943/node_modules/jest-jasmine2/build/index.js:44:12
    at _jasmine (/Users/dharmik/Desktop/77928c98-0d8c-45bd-b7a3-5dab77772943/node_modules/jest-jasmine2/build/index.js:207:19)
    at jasmine2 (/Users/dharmik/Desktop/77928c98-0d8c-45bd-b7a3-5dab77772943/node_modules/jest-jasmine2/build/index.js:60:19)
    at /Users/dharmik/Desktop/77928c98-0d8c-45bd-b7a3-5dab77772943/node_modules/jest-runner/build/runTest.js:385:24
    at Generator.next (&lt;anonymous&gt;)
    at asyncGeneratorStep (/Users/dharmik/Desktop/77928c98-0d8c-45bd-b7a3-5dab77772943/node_modules/jest-runner/build/runTest.js:161:24)
    at _next (/Users/dharmik/Desktop/77928c98-0d8c-45bd-b7a3-5dab77772943/node_modules/jest-runner/build/runTest.js:181:9)
    at processTicksAndRejections (node:internal/process/task_queues:95:5)" type="AssertionError">
      </failure>
    </testcase>
    <testcase classname="Bidding a player" name="Bidding a player" time="0">
      <failure message="Timeout - Async callback was not invoked within the 5000ms timeout specified by jest.setTimeout.Error: Timeout - Async callback was not invoked within the 5000ms timeout specified by jest.setTimeout.
    at mapper (/Users/dharmik/Desktop/77928c98-0d8c-45bd-b7a3-5dab77772943/node_modules/jest-jasmine2/build/queueRunner.js:25:45)
    at /Users/dharmik/Desktop/77928c98-0d8c-45bd-b7a3-5dab77772943/node_modules/jest-jasmine2/build/queueRunner.js:73:41" type="AssertionError">
      </failure>
      <failure message="Error: expected 200 &quot;OK&quot;, got 400 &quot;Bad Request&quot;
    at Object.&lt;anonymous&gt; (/Users/dharmik/Desktop/77928c98-0d8c-45bd-b7a3-5dab77772943/test/admin.test.js:183:10)
    at Object.asyncJestTest (/Users/dharmik/Desktop/77928c98-0d8c-45bd-b7a3-5dab77772943/node_modules/jest-jasmine2/build/jasmineAsyncInstall.js:102:37)
    at /Users/dharmik/Desktop/77928c98-0d8c-45bd-b7a3-5dab77772943/node_modules/jest-jasmine2/build/queueRunner.js:43:12
    at new Promise (&lt;anonymous&gt;)
    at mapper (/Users/dharmik/Desktop/77928c98-0d8c-45bd-b7a3-5dab77772943/node_modules/jest-jasmine2/build/queueRunner.js:26:19)
    at /Users/dharmik/Desktop/77928c98-0d8c-45bd-b7a3-5dab77772943/node_modules/jest-jasmine2/build/queueRunner.js:73:41
----
    at Test._assertStatus (/Users/dharmik/Desktop/77928c98-0d8c-45bd-b7a3-5dab77772943/node_modules/supertest/lib/test.js:252:14)
    at /Users/dharmik/Desktop/77928c98-0d8c-45bd-b7a3-5dab77772943/node_modules/supertest/lib/test.js:308:13
    at Test._assertFunction (/Users/dharmik/Desktop/77928c98-0d8c-45bd-b7a3-5dab77772943/node_modules/supertest/lib/test.js:285:13)
    at Test.assert (/Users/dharmik/Desktop/77928c98-0d8c-45bd-b7a3-5dab77772943/node_modules/supertest/lib/test.js:164:23)
    at Server.localAssert (/Users/dharmik/Desktop/77928c98-0d8c-45bd-b7a3-5dab77772943/node_modules/supertest/lib/test.js:120:14)
    at Object.onceWrapper (node:events:634:28)
    at Server.emit (node:events:520:28)
    at emitCloseNT (node:net:2338:8)
    at processTicksAndRejections (node:internal/process/task_queues:81:21)" type="AssertionError">
      </failure>
      <failure message="MongooseError: Operation `admins.deleteMany()` buffering timed out after 10000ms
    at /Users/dharmik/Desktop/77928c98-0d8c-45bd-b7a3-5dab77772943/node_modules/mongoose/lib/drivers/node-mongodb-native/collection.js:198:23
    at Timeout.callback (/Users/dharmik/Desktop/77928c98-0d8c-45bd-b7a3-5dab77772943/node_modules/jsdom/lib/jsdom/browser/Window.js:678:19)
    at listOnTimeout (node:internal/timers:581:17)
    at processTimers (node:internal/timers:519:7)" type="AssertionError">
      </failure>
      <failure message=": Timeout - Async callback was not invoked within the 5000ms timeout specified by jest.setTimeout.Timeout - Async callback was not invoked within the 5000ms timeout specified by jest.setTimeout.Error: 
    at new Spec (/Users/dharmik/Desktop/77928c98-0d8c-45bd-b7a3-5dab77772943/node_modules/jest-jasmine2/build/jasmine/Spec.js:116:22)
    at new Spec (/Users/dharmik/Desktop/77928c98-0d8c-45bd-b7a3-5dab77772943/node_modules/jest-jasmine2/build/setup_jest_globals.js:80:9)
    at specFactory (/Users/dharmik/Desktop/77928c98-0d8c-45bd-b7a3-5dab77772943/node_modules/jest-jasmine2/build/jasmine/Env.js:575:24)
    at Env.it (/Users/dharmik/Desktop/77928c98-0d8c-45bd-b7a3-5dab77772943/node_modules/jest-jasmine2/build/jasmine/Env.js:644:24)
    at Env.it (/Users/dharmik/Desktop/77928c98-0d8c-45bd-b7a3-5dab77772943/node_modules/jest-jasmine2/build/jasmineAsyncInstall.js:132:23)
    at test (/Users/dharmik/Desktop/77928c98-0d8c-45bd-b7a3-5dab77772943/node_modules/jest-jasmine2/build/jasmine/jasmineLight.js:93:21)
    at Object.&lt;anonymous&gt; (/Users/dharmik/Desktop/77928c98-0d8c-45bd-b7a3-5dab77772943/test/admin.test.js:190:1)
    at Runtime._execModule (/Users/dharmik/Desktop/77928c98-0d8c-45bd-b7a3-5dab77772943/node_modules/jest-runtime/build/index.js:867:68)
    at Runtime._loadModule (/Users/dharmik/Desktop/77928c98-0d8c-45bd-b7a3-5dab77772943/node_modules/jest-runtime/build/index.js:577:12)
    at Runtime.requireModule (/Users/dharmik/Desktop/77928c98-0d8c-45bd-b7a3-5dab77772943/node_modules/jest-runtime/build/index.js:433:10)
    at /Users/dharmik/Desktop/77928c98-0d8c-45bd-b7a3-5dab77772943/node_modules/jest-jasmine2/build/index.js:202:13
    at Generator.next (&lt;anonymous&gt;)
    at asyncGeneratorStep (/Users/dharmik/Desktop/77928c98-0d8c-45bd-b7a3-5dab77772943/node_modules/jest-jasmine2/build/index.js:27:24)
    at _next (/Users/dharmik/Desktop/77928c98-0d8c-45bd-b7a3-5dab77772943/node_modules/jest-jasmine2/build/index.js:47:9)
    at /Users/dharmik/Desktop/77928c98-0d8c-45bd-b7a3-5dab77772943/node_modules/jest-jasmine2/build/index.js:52:7
    at new Promise (&lt;anonymous&gt;)
    at /Users/dharmik/Desktop/77928c98-0d8c-45bd-b7a3-5dab77772943/node_modules/jest-jasmine2/build/index.js:44:12
    at _jasmine (/Users/dharmik/Desktop/77928c98-0d8c-45bd-b7a3-5dab77772943/node_modules/jest-jasmine2/build/index.js:207:19)
    at jasmine2 (/Users/dharmik/Desktop/77928c98-0d8c-45bd-b7a3-5dab77772943/node_modules/jest-jasmine2/build/index.js:60:19)
    at /Users/dharmik/Desktop/77928c98-0d8c-45bd-b7a3-5dab77772943/node_modules/jest-runner/build/runTest.js:385:24
    at Generator.next (&lt;anonymous&gt;)
    at asyncGeneratorStep (/Users/dharmik/Desktop/77928c98-0d8c-45bd-b7a3-5dab77772943/node_modules/jest-runner/build/runTest.js:161:24)
    at _next (/Users/dharmik/Desktop/77928c98-0d8c-45bd-b7a3-5dab77772943/node_modules/jest-runner/build/runTest.js:181:9)
    at processTicksAndRejections (node:internal/process/task_queues:95:5)" type="AssertionError">
      </failure>
    </testcase>
    <testcase classname="Bidding a player" name="Bidding a player" time="0">
      <failure message="Timeout - Async callback was not invoked within the 5000ms timeout specified by jest.setTimeout.Error: Timeout - Async callback was not invoked within the 5000ms timeout specified by jest.setTimeout.
    at mapper (/Users/dharmik/Desktop/77928c98-0d8c-45bd-b7a3-5dab77772943/node_modules/jest-jasmine2/build/queueRunner.js:25:45)
    at /Users/dharmik/Desktop/77928c98-0d8c-45bd-b7a3-5dab77772943/node_modules/jest-jasmine2/build/queueRunner.js:73:41" type="AssertionError">
      </failure>
      <failure message="Error: expected 200 &quot;OK&quot;, got 400 &quot;Bad Request&quot;
    at Object.&lt;anonymous&gt; (/Users/dharmik/Desktop/77928c98-0d8c-45bd-b7a3-5dab77772943/test/admin.test.js:196:10)
    at Object.asyncJestTest (/Users/dharmik/Desktop/77928c98-0d8c-45bd-b7a3-5dab77772943/node_modules/jest-jasmine2/build/jasmineAsyncInstall.js:102:37)
    at /Users/dharmik/Desktop/77928c98-0d8c-45bd-b7a3-5dab77772943/node_modules/jest-jasmine2/build/queueRunner.js:43:12
    at new Promise (&lt;anonymous&gt;)
    at mapper (/Users/dharmik/Desktop/77928c98-0d8c-45bd-b7a3-5dab77772943/node_modules/jest-jasmine2/build/queueRunner.js:26:19)
    at /Users/dharmik/Desktop/77928c98-0d8c-45bd-b7a3-5dab77772943/node_modules/jest-jasmine2/build/queueRunner.js:73:41
----
    at Test._assertStatus (/Users/dharmik/Desktop/77928c98-0d8c-45bd-b7a3-5dab77772943/node_modules/supertest/lib/test.js:252:14)
    at /Users/dharmik/Desktop/77928c98-0d8c-45bd-b7a3-5dab77772943/node_modules/supertest/lib/test.js:308:13
    at Test._assertFunction (/Users/dharmik/Desktop/77928c98-0d8c-45bd-b7a3-5dab77772943/node_modules/supertest/lib/test.js:285:13)
    at Test.assert (/Users/dharmik/Desktop/77928c98-0d8c-45bd-b7a3-5dab77772943/node_modules/supertest/lib/test.js:164:23)
    at Server.localAssert (/Users/dharmik/Desktop/77928c98-0d8c-45bd-b7a3-5dab77772943/node_modules/supertest/lib/test.js:120:14)
    at Object.onceWrapper (node:events:634:28)
    at Server.emit (node:events:520:28)
    at emitCloseNT (node:net:2338:8)
    at processTicksAndRejections (node:internal/process/task_queues:81:21)" type="AssertionError">
      </failure>
      <failure message="MongooseError: Operation `admins.deleteMany()` buffering timed out after 10000ms
    at /Users/dharmik/Desktop/77928c98-0d8c-45bd-b7a3-5dab77772943/node_modules/mongoose/lib/drivers/node-mongodb-native/collection.js:198:23
    at Timeout.callback (/Users/dharmik/Desktop/77928c98-0d8c-45bd-b7a3-5dab77772943/node_modules/jsdom/lib/jsdom/browser/Window.js:678:19)
    at listOnTimeout (node:internal/timers:581:17)
    at processTimers (node:internal/timers:519:7)" type="AssertionError">
      </failure>
      <failure message=": Timeout - Async callback was not invoked within the 5000ms timeout specified by jest.setTimeout.Timeout - Async callback was not invoked within the 5000ms timeout specified by jest.setTimeout.Error: 
    at new Spec (/Users/dharmik/Desktop/77928c98-0d8c-45bd-b7a3-5dab77772943/node_modules/jest-jasmine2/build/jasmine/Spec.js:116:22)
    at new Spec (/Users/dharmik/Desktop/77928c98-0d8c-45bd-b7a3-5dab77772943/node_modules/jest-jasmine2/build/setup_jest_globals.js:80:9)
    at specFactory (/Users/dharmik/Desktop/77928c98-0d8c-45bd-b7a3-5dab77772943/node_modules/jest-jasmine2/build/jasmine/Env.js:575:24)
    at Env.it (/Users/dharmik/Desktop/77928c98-0d8c-45bd-b7a3-5dab77772943/node_modules/jest-jasmine2/build/jasmine/Env.js:644:24)
    at Env.it (/Users/dharmik/Desktop/77928c98-0d8c-45bd-b7a3-5dab77772943/node_modules/jest-jasmine2/build/jasmineAsyncInstall.js:132:23)
    at test (/Users/dharmik/Desktop/77928c98-0d8c-45bd-b7a3-5dab77772943/node_modules/jest-jasmine2/build/jasmine/jasmineLight.js:93:21)
    at Object.&lt;anonymous&gt; (/Users/dharmik/Desktop/77928c98-0d8c-45bd-b7a3-5dab77772943/test/admin.test.js:203:1)
    at Runtime._execModule (/Users/dharmik/Desktop/77928c98-0d8c-45bd-b7a3-5dab77772943/node_modules/jest-runtime/build/index.js:867:68)
    at Runtime._loadModule (/Users/dharmik/Desktop/77928c98-0d8c-45bd-b7a3-5dab77772943/node_modules/jest-runtime/build/index.js:577:12)
    at Runtime.requireModule (/Users/dharmik/Desktop/77928c98-0d8c-45bd-b7a3-5dab77772943/node_modules/jest-runtime/build/index.js:433:10)
    at /Users/dharmik/Desktop/77928c98-0d8c-45bd-b7a3-5dab77772943/node_modules/jest-jasmine2/build/index.js:202:13
    at Generator.next (&lt;anonymous&gt;)
    at asyncGeneratorStep (/Users/dharmik/Desktop/77928c98-0d8c-45bd-b7a3-5dab77772943/node_modules/jest-jasmine2/build/index.js:27:24)
    at _next (/Users/dharmik/Desktop/77928c98-0d8c-45bd-b7a3-5dab77772943/node_modules/jest-jasmine2/build/index.js:47:9)
    at /Users/dharmik/Desktop/77928c98-0d8c-45bd-b7a3-5dab77772943/node_modules/jest-jasmine2/build/index.js:52:7
    at new Promise (&lt;anonymous&gt;)
    at /Users/dharmik/Desktop/77928c98-0d8c-45bd-b7a3-5dab77772943/node_modules/jest-jasmine2/build/index.js:44:12
    at _jasmine (/Users/dharmik/Desktop/77928c98-0d8c-45bd-b7a3-5dab77772943/node_modules/jest-jasmine2/build/index.js:207:19)
    at jasmine2 (/Users/dharmik/Desktop/77928c98-0d8c-45bd-b7a3-5dab77772943/node_modules/jest-jasmine2/build/index.js:60:19)
    at /Users/dharmik/Desktop/77928c98-0d8c-45bd-b7a3-5dab77772943/node_modules/jest-runner/build/runTest.js:385:24
    at Generator.next (&lt;anonymous&gt;)
    at asyncGeneratorStep (/Users/dharmik/Desktop/77928c98-0d8c-45bd-b7a3-5dab77772943/node_modules/jest-runner/build/runTest.js:161:24)
    at _next (/Users/dharmik/Desktop/77928c98-0d8c-45bd-b7a3-5dab77772943/node_modules/jest-runner/build/runTest.js:181:9)
    at processTicksAndRejections (node:internal/process/task_queues:95:5)" type="AssertionError">
      </failure>
    </testcase>
    <testcase classname="Bidding a player" name="Bidding a player" time="0">
      <failure message="Timeout - Async callback was not invoked within the 5000ms timeout specified by jest.setTimeout.Error: Timeout - Async callback was not invoked within the 5000ms timeout specified by jest.setTimeout.
    at mapper (/Users/dharmik/Desktop/77928c98-0d8c-45bd-b7a3-5dab77772943/node_modules/jest-jasmine2/build/queueRunner.js:25:45)
    at /Users/dharmik/Desktop/77928c98-0d8c-45bd-b7a3-5dab77772943/node_modules/jest-jasmine2/build/queueRunner.js:73:41" type="AssertionError">
      </failure>
      <failure message="Error: expected 200 &quot;OK&quot;, got 400 &quot;Bad Request&quot;
    at Object.&lt;anonymous&gt; (/Users/dharmik/Desktop/77928c98-0d8c-45bd-b7a3-5dab77772943/test/admin.test.js:210:14)
    at Object.asyncJestTest (/Users/dharmik/Desktop/77928c98-0d8c-45bd-b7a3-5dab77772943/node_modules/jest-jasmine2/build/jasmineAsyncInstall.js:102:37)
    at /Users/dharmik/Desktop/77928c98-0d8c-45bd-b7a3-5dab77772943/node_modules/jest-jasmine2/build/queueRunner.js:43:12
    at new Promise (&lt;anonymous&gt;)
    at mapper (/Users/dharmik/Desktop/77928c98-0d8c-45bd-b7a3-5dab77772943/node_modules/jest-jasmine2/build/queueRunner.js:26:19)
    at /Users/dharmik/Desktop/77928c98-0d8c-45bd-b7a3-5dab77772943/node_modules/jest-jasmine2/build/queueRunner.js:73:41
----
    at Test._assertStatus (/Users/dharmik/Desktop/77928c98-0d8c-45bd-b7a3-5dab77772943/node_modules/supertest/lib/test.js:252:14)
    at /Users/dharmik/Desktop/77928c98-0d8c-45bd-b7a3-5dab77772943/node_modules/supertest/lib/test.js:308:13
    at Test._assertFunction (/Users/dharmik/Desktop/77928c98-0d8c-45bd-b7a3-5dab77772943/node_modules/supertest/lib/test.js:285:13)
    at Test.assert (/Users/dharmik/Desktop/77928c98-0d8c-45bd-b7a3-5dab77772943/node_modules/supertest/lib/test.js:164:23)
    at Server.localAssert (/Users/dharmik/Desktop/77928c98-0d8c-45bd-b7a3-5dab77772943/node_modules/supertest/lib/test.js:120:14)
    at Object.onceWrapper (node:events:634:28)
    at Server.emit (node:events:520:28)
    at emitCloseNT (node:net:2338:8)
    at processTicksAndRejections (node:internal/process/task_queues:81:21)" type="AssertionError">
      </failure>
      <failure message="MongooseError: Operation `admins.deleteMany()` buffering timed out after 10000ms
    at /Users/dharmik/Desktop/77928c98-0d8c-45bd-b7a3-5dab77772943/node_modules/mongoose/lib/drivers/node-mongodb-native/collection.js:198:23
    at Timeout.callback (/Users/dharmik/Desktop/77928c98-0d8c-45bd-b7a3-5dab77772943/node_modules/jsdom/lib/jsdom/browser/Window.js:678:19)
    at listOnTimeout (node:internal/timers:581:17)
    at processTimers (node:internal/timers:519:7)" type="AssertionError">
      </failure>
      <failure message=": Timeout - Async callback was not invoked within the 5000ms timeout specified by jest.setTimeout.Timeout - Async callback was not invoked within the 5000ms timeout specified by jest.setTimeout.Error: 
    at new Spec (/Users/dharmik/Desktop/77928c98-0d8c-45bd-b7a3-5dab77772943/node_modules/jest-jasmine2/build/jasmine/Spec.js:116:22)
    at new Spec (/Users/dharmik/Desktop/77928c98-0d8c-45bd-b7a3-5dab77772943/node_modules/jest-jasmine2/build/setup_jest_globals.js:80:9)
    at specFactory (/Users/dharmik/Desktop/77928c98-0d8c-45bd-b7a3-5dab77772943/node_modules/jest-jasmine2/build/jasmine/Env.js:575:24)
    at Env.it (/Users/dharmik/Desktop/77928c98-0d8c-45bd-b7a3-5dab77772943/node_modules/jest-jasmine2/build/jasmine/Env.js:644:24)
    at Env.it (/Users/dharmik/Desktop/77928c98-0d8c-45bd-b7a3-5dab77772943/node_modules/jest-jasmine2/build/jasmineAsyncInstall.js:132:23)
    at test (/Users/dharmik/Desktop/77928c98-0d8c-45bd-b7a3-5dab77772943/node_modules/jest-jasmine2/build/jasmine/jasmineLight.js:93:21)
    at Object.&lt;anonymous&gt; (/Users/dharmik/Desktop/77928c98-0d8c-45bd-b7a3-5dab77772943/test/admin.test.js:220:1)
    at Runtime._execModule (/Users/dharmik/Desktop/77928c98-0d8c-45bd-b7a3-5dab77772943/node_modules/jest-runtime/build/index.js:867:68)
    at Runtime._loadModule (/Users/dharmik/Desktop/77928c98-0d8c-45bd-b7a3-5dab77772943/node_modules/jest-runtime/build/index.js:577:12)
    at Runtime.requireModule (/Users/dharmik/Desktop/77928c98-0d8c-45bd-b7a3-5dab77772943/node_modules/jest-runtime/build/index.js:433:10)
    at /Users/dharmik/Desktop/77928c98-0d8c-45bd-b7a3-5dab77772943/node_modules/jest-jasmine2/build/index.js:202:13
    at Generator.next (&lt;anonymous&gt;)
    at asyncGeneratorStep (/Users/dharmik/Desktop/77928c98-0d8c-45bd-b7a3-5dab77772943/node_modules/jest-jasmine2/build/index.js:27:24)
    at _next (/Users/dharmik/Desktop/77928c98-0d8c-45bd-b7a3-5dab77772943/node_modules/jest-jasmine2/build/index.js:47:9)
    at /Users/dharmik/Desktop/77928c98-0d8c-45bd-b7a3-5dab77772943/node_modules/jest-jasmine2/build/index.js:52:7
    at new Promise (&lt;anonymous&gt;)
    at /Users/dharmik/Desktop/77928c98-0d8c-45bd-b7a3-5dab77772943/node_modules/jest-jasmine2/build/index.js:44:12
    at _jasmine (/Users/dharmik/Desktop/77928c98-0d8c-45bd-b7a3-5dab77772943/node_modules/jest-jasmine2/build/index.js:207:19)
    at jasmine2 (/Users/dharmik/Desktop/77928c98-0d8c-45bd-b7a3-5dab77772943/node_modules/jest-jasmine2/build/index.js:60:19)
    at /Users/dharmik/Desktop/77928c98-0d8c-45bd-b7a3-5dab77772943/node_modules/jest-runner/build/runTest.js:385:24
    at Generator.next (&lt;anonymous&gt;)
    at asyncGeneratorStep (/Users/dharmik/Desktop/77928c98-0d8c-45bd-b7a3-5dab77772943/node_modules/jest-runner/build/runTest.js:161:24)
    at _next (/Users/dharmik/Desktop/77928c98-0d8c-45bd-b7a3-5dab77772943/node_modules/jest-runner/build/runTest.js:181:9)
    at processTicksAndRejections (node:internal/process/task_queues:95:5)" type="AssertionError">
      </failure>
    </testcase>
    <testcase classname="Bidding a player" name="Bidding a player" time="0">
      <failure message="Timeout - Async callback was not invoked within the 5000ms timeout specified by jest.setTimeout.Error: Timeout - Async callback was not invoked within the 5000ms timeout specified by jest.setTimeout.
    at mapper (/Users/dharmik/Desktop/77928c98-0d8c-45bd-b7a3-5dab77772943/node_modules/jest-jasmine2/build/queueRunner.js:25:45)
    at /Users/dharmik/Desktop/77928c98-0d8c-45bd-b7a3-5dab77772943/node_modules/jest-jasmine2/build/queueRunner.js:73:41" type="AssertionError">
      </failure>
      <failure message="Error: expected 200 &quot;OK&quot;, got 400 &quot;Bad Request&quot;
    at Object.&lt;anonymous&gt; (/Users/dharmik/Desktop/77928c98-0d8c-45bd-b7a3-5dab77772943/test/admin.test.js:227:14)
    at Object.asyncJestTest (/Users/dharmik/Desktop/77928c98-0d8c-45bd-b7a3-5dab77772943/node_modules/jest-jasmine2/build/jasmineAsyncInstall.js:102:37)
    at /Users/dharmik/Desktop/77928c98-0d8c-45bd-b7a3-5dab77772943/node_modules/jest-jasmine2/build/queueRunner.js:43:12
    at new Promise (&lt;anonymous&gt;)
    at mapper (/Users/dharmik/Desktop/77928c98-0d8c-45bd-b7a3-5dab77772943/node_modules/jest-jasmine2/build/queueRunner.js:26:19)
    at /Users/dharmik/Desktop/77928c98-0d8c-45bd-b7a3-5dab77772943/node_modules/jest-jasmine2/build/queueRunner.js:73:41
----
    at Test._assertStatus (/Users/dharmik/Desktop/77928c98-0d8c-45bd-b7a3-5dab77772943/node_modules/supertest/lib/test.js:252:14)
    at /Users/dharmik/Desktop/77928c98-0d8c-45bd-b7a3-5dab77772943/node_modules/supertest/lib/test.js:308:13
    at Test._assertFunction (/Users/dharmik/Desktop/77928c98-0d8c-45bd-b7a3-5dab77772943/node_modules/supertest/lib/test.js:285:13)
    at Test.assert (/Users/dharmik/Desktop/77928c98-0d8c-45bd-b7a3-5dab77772943/node_modules/supertest/lib/test.js:164:23)
    at Server.localAssert (/Users/dharmik/Desktop/77928c98-0d8c-45bd-b7a3-5dab77772943/node_modules/supertest/lib/test.js:120:14)
    at Object.onceWrapper (node:events:634:28)
    at Server.emit (node:events:520:28)
    at emitCloseNT (node:net:2338:8)
    at processTicksAndRejections (node:internal/process/task_queues:81:21)" type="AssertionError">
      </failure>
      <failure message=": Timeout - Async callback was not invoked within the 5000ms timeout specified by jest.setTimeout.Timeout - Async callback was not invoked within the 5000ms timeout specified by jest.setTimeout.Error: 
    at new Spec (/Users/dharmik/Desktop/77928c98-0d8c-45bd-b7a3-5dab77772943/node_modules/jest-jasmine2/build/jasmine/Spec.js:116:22)
    at new Spec (/Users/dharmik/Desktop/77928c98-0d8c-45bd-b7a3-5dab77772943/node_modules/jest-jasmine2/build/setup_jest_globals.js:80:9)
    at specFactory (/Users/dharmik/Desktop/77928c98-0d8c-45bd-b7a3-5dab77772943/node_modules/jest-jasmine2/build/jasmine/Env.js:575:24)
    at Env.it (/Users/dharmik/Desktop/77928c98-0d8c-45bd-b7a3-5dab77772943/node_modules/jest-jasmine2/build/jasmine/Env.js:644:24)
    at Env.it (/Users/dharmik/Desktop/77928c98-0d8c-45bd-b7a3-5dab77772943/node_modules/jest-jasmine2/build/jasmineAsyncInstall.js:132:23)
    at test (/Users/dharmik/Desktop/77928c98-0d8c-45bd-b7a3-5dab77772943/node_modules/jest-jasmine2/build/jasmine/jasmineLight.js:93:21)
    at Object.&lt;anonymous&gt; (/Users/dharmik/Desktop/77928c98-0d8c-45bd-b7a3-5dab77772943/test/admin.test.js:237:1)
    at Runtime._execModule (/Users/dharmik/Desktop/77928c98-0d8c-45bd-b7a3-5dab77772943/node_modules/jest-runtime/build/index.js:867:68)
    at Runtime._loadModule (/Users/dharmik/Desktop/77928c98-0d8c-45bd-b7a3-5dab77772943/node_modules/jest-runtime/build/index.js:577:12)
[...]
    at Env.it (/Users/dharmik/Desktop/77928c98-0d8c-45bd-b7a3-5dab77772943/node_modules/jest-jasmine2/build/jasmineAsyncInstall.js:132:23)
    at test (/Users/dharmik/Desktop/77928c98-0d8c-45bd-b7a3-5dab77772943/node_modules/jest-jasmine2/build/jasmine/jasmineLight.js:93:21)
    at Object.&lt;anonymous&gt; (/Users/dharmik/Desktop/77928c98-0d8c-45bd-b7a3-5dab77772943/test/admin.test.js:263:1)
    at Runtime._execModule (/Users/dharmik/Desktop/77928c98-0d8c-45bd-b7a3-5dab77772943/node_modules/jest-runtime/build/index.js:867:68)
    at Runtime._loadModule (/Users/dharmik/Desktop/77928c98-0d8c-45bd-b7a3-5dab77772943/node_modules/jest-runtime/build/index.js:577:12)
    at Runtime.requireModule (/Users/dharmik/Desktop/77928c98-0d8c-45bd-b7a3-5dab77772943/node_modules/jest-runtime/build/index.js:433:10)
    at /Users/dharmik/Desktop/77928c98-0d8c-45bd-b7a3-5dab77772943/node_modules/jest-jasmine2/build/index.js:202:13
    at Generator.next (&lt;anonymous&gt;)
    at asyncGeneratorStep (/Users/dharmik/Desktop/77928c98-0d8c-45bd-b7a3-5dab77772943/node_modules/jest-jasmine2/build/index.js:27:24)
    at _next (/Users/dharmik/Desktop/77928c98-0d8c-45bd-b7a3-5dab77772943/node_modules/jest-jasmine2/build/index.js:47:9)
    at /Users/dharmik/Desktop/77928c98-0d8c-45bd-b7a3-5dab77772943/node_modules/jest-jasmine2/build/index.js:52:7
    at new Promise (&lt;anonymous&gt;)
    at /Users/dharmik/Desktop/77928c98-0d8c-45bd-b7a3-5dab77772943/node_modules/jest-jasmine2/build/index.js:44:12
    at _jasmine (/Users/dharmik/Desktop/77928c98-0d8c-45bd-b7a3-5dab77772943/node_modules/jest-jasmine2/build/index.js:207:19)
    at jasmine2 (/Users/dharmik/Desktop/77928c98-0d8c-45bd-b7a3-5dab77772943/node_modules/jest-jasmine2/build/index.js:60:19)
    at /Users/dharmik/Desktop/77928c98-0d8c-45bd-b7a3-5dab77772943/node_modules/jest-runner/build/runTest.js:385:24
    at Generator.next (&lt;anonymous&gt;)
    at asyncGeneratorStep (/Users/dharmik/Desktop/77928c98-0d8c-45bd-b7a3-5dab77772943/node_modules/jest-runner/build/runTest.js:161:24)
    at _next (/Users/dharmik/Desktop/77928c98-0d8c-45bd-b7a3-5dab77772943/node_modules/jest-runner/build/runTest.js:181:9)
    at processTicksAndRejections (node:internal/process/task_queues:95:5)" type="AssertionError">
      </failure>
    </testcase>
    <testcase classname="Displaying player for auction" name="Displaying player for auction" time="0">
      <failure message="Timeout - Async callback was not invoked within the 5000ms timeout specified by jest.setTimeout.Error: Timeout - Async callback was not invoked within the 5000ms timeout specified by jest.setTimeout.
    at mapper (/Users/dharmik/Desktop/77928c98-0d8c-45bd-b7a3-5dab77772943/node_modules/jest-jasmine2/build/queueRunner.js:25:45)
    at /Users/dharmik/Desktop/77928c98-0d8c-45bd-b7a3-5dab77772943/node_modules/jest-jasmine2/build/queueRunner.js:73:41" type="AssertionError">
      </failure>
      <failure message="Error: expected 200 &quot;OK&quot;, got 400 &quot;Bad Request&quot;
    at Object.&lt;anonymous&gt; (/Users/dharmik/Desktop/77928c98-0d8c-45bd-b7a3-5dab77772943/test/admin.test.js:266:10)
    at Object.asyncJestTest (/Users/dharmik/Desktop/77928c98-0d8c-45bd-b7a3-5dab77772943/node_modules/jest-jasmine2/build/jasmineAsyncInstall.js:102:37)
    at /Users/dharmik/Desktop/77928c98-0d8c-45bd-b7a3-5dab77772943/node_modules/jest-jasmine2/build/queueRunner.js:43:12
    at new Promise (&lt;anonymous&gt;)
    at mapper (/Users/dharmik/Desktop/77928c98-0d8c-45bd-b7a3-5dab77772943/node_modules/jest-jasmine2/build/queueRunner.js:26:19)
    at /Users/dharmik/Desktop/77928c98-0d8c-45bd-b7a3-5dab77772943/node_modules/jest-jasmine2/build/queueRunner.js:73:41
----
    at Test._assertStatus (/Users/dharmik/Desktop/77928c98-0d8c-45bd-b7a3-5dab77772943/node_modules/supertest/lib/test.js:252:14)
    at /Users/dharmik/Desktop/77928c98-0d8c-45bd-b7a3-5dab77772943/node_modules/supertest/lib/test.js:308:13
    at Test._assertFunction (/Users/dharmik/Desktop/77928c98-0d8c-45bd-b7a3-5dab77772943/node_modules/supertest/lib/test.js:285:13)
    at Test.assert (/Users/dharmik/Desktop/77928c98-0d8c-45bd-b7a3-5dab77772943/node_modules/supertest/lib/test.js:164:23)
    at Server.localAssert (/Users/dharmik/Desktop/77928c98-0d8c-45bd-b7a3-5dab77772943/node_modules/supertest/lib/test.js:120:14)
    at Object.onceWrapper (node:events:634:28)
    at Server.emit (node:events:520:28)
    at emitCloseNT (node:net:2338:8)
    at processTicksAndRejections (node:internal/process/task_queues:81:21)" type="AssertionError">
      </failure>
      <failure message="MongooseError: Operation `admins.deleteMany()` buffering timed out after 10000ms
    at /Users/dharmik/Desktop/77928c98-0d8c-45bd-b7a3-5dab77772943/node_modules/mongoose/lib/drivers/node-mongodb-native/collection.js:198:23
    at Timeout.callback (/Users/dharmik/Desktop/77928c98-0d8c-45bd-b7a3-5dab77772943/node_modules/jsdom/lib/jsdom/browser/Window.js:678:19)
    at listOnTimeout (node:internal/timers:581:17)
    at processTimers (node:internal/timers:519:7)" type="AssertionError">
      </failure>
      <failure message=": Timeout - Async callback was not invoked within the 5000ms timeout specified by jest.setTimeout.Timeout - Async callback was not invoked within the 5000ms timeout specified by jest.setTimeout.Error: 
    at new Spec (/Users/dharmik/Desktop/77928c98-0d8c-45bd-b7a3-5dab77772943/node_modules/jest-jasmine2/build/jasmine/Spec.js:116:22)
    at new Spec (/Users/dharmik/Desktop/77928c98-0d8c-45bd-b7a3-5dab77772943/node_modules/jest-jasmine2/build/setup_jest_globals.js:80:9)
    at specFactory (/Users/dharmik/Desktop/77928c98-0d8c-45bd-b7a3-5dab77772943/node_modules/jest-jasmine2/build/jasmine/Env.js:575:24)
    at Env.it (/Users/dharmik/Desktop/77928c98-0d8c-45bd-b7a3-5dab77772943/node_modules/jest-jasmine2/build/jasmine/Env.js:644:24)
    at Env.it (/Users/dharmik/Desktop/77928c98-0d8c-45bd-b7a3-5dab77772943/node_modules/jest-jasmine2/build/jasmineAsyncInstall.js:132:23)
    at test (/Users/dharmik/Desktop/77928c98-0d8c-45bd-b7a3-5dab77772943/node_modules/jest-jasmine2/build/jasmine/jasmineLight.js:93:21)
    at Object.&lt;anonymous&gt; (/Users/dharmik/Desktop/77928c98-0d8c-45bd-b7a3-5dab77772943/test/admin.test.js:275:1)
    at Runtime._execModule (/Users/dharmik/Desktop/77928c98-0d8c-45bd-b7a3-5dab77772943/node_modules/jest-runtime/build/index.js:867:68)
    at Runtime._loadModule (/Users/dharmik/Desktop/77928c98-0d8c-45bd-b7a3-5dab77772943/node_modules/jest-runtime/build/index.js:577:12)
    at Runtime.requireModule (/Users/dharmik/Desktop/77928c98-0d8c-45bd-b7a3-5dab77772943/node_modules/jest-runtime/build/index.js:433:10)
    at /Users/dharmik/Desktop/77928c98-0d8c-45bd-b7a3-5dab77772943/node_modules/jest-jasmine2/build/index.js:202:13
    at Generator.next (&lt;anonymous&gt;)
    at asyncGeneratorStep (/Users/dharmik/Desktop/77928c98-0d8c-45bd-b7a3-5dab77772943/node_modules/jest-jasmine2/build/index.js:27:24)
    at _next (/Users/dharmik/Desktop/77928c98-0d8c-45bd-b7a3-5dab77772943/node_modules/jest-jasmine2/build/index.js:47:9)
    at /Users/dharmik/Desktop/77928c98-0d8c-45bd-b7a3-5dab77772943/node_modules/jest-jasmine2/build/index.js:52:7
    at new Promise (&lt;anonymous&gt;)
    at /Users/dharmik/Desktop/77928c98-0d8c-45bd-b7a3-5dab77772943/node_modules/jest-jasmine2/build/index.js:44:12
    at _jasmine (/Users/dharmik/Desktop/77928c98-0d8c-45bd-b7a3-5dab77772943/node_modules/jest-jasmine2/build/index.js:207:19)
    at jasmine2 (/Users/dharmik/Desktop/77928c98-0d8c-45bd-b7a3-5dab77772943/node_modules/jest-jasmine2/build/index.js:60:19)
    at /Users/dharmik/Desktop/77928c98-0d8c-45bd-b7a3-5dab77772943/node_modules/jest-runner/build/runTest.js:385:24
    at Generator.next (&lt;anonymous&gt;)
    at asyncGeneratorStep (/Users/dharmik/Desktop/77928c98-0d8c-45bd-b7a3-5dab77772943/node_modules/jest-runner/build/runTest.js:161:24)
    at _next (/Users/dharmik/Desktop/77928c98-0d8c-45bd-b7a3-5dab77772943/node_modules/jest-runner/build/runTest.js:181:9)
    at processTicksAndRejections (node:internal/process/task_queues:95:5)" type="AssertionError">
      </failure>
    </testcase>
    <testcase classname="Displaying player for auction" name="Displaying player for auction" time="0">
      <failure message="Timeout - Async callback was not invoked within the 5000ms timeout specified by jest.setTimeout.Error: Timeout - Async callback was not invoked within the 5000ms timeout specified by jest.setTimeout.
    at mapper (/Users/dharmik/Desktop/77928c98-0d8c-45bd-b7a3-5dab77772943/node_modules/jest-jasmine2/build/queueRunner.js:25:45)
    at /Users/dharmik/Desktop/77928c98-0d8c-45bd-b7a3-5dab77772943/node_modules/jest-jasmine2/build/queueRunner.js:73:41" type="AssertionError">
      </failure>
      <failure message="Error: expected 200 &quot;OK&quot;, got 400 &quot;Bad Request&quot;
    at Object.&lt;anonymous&gt; (/Users/dharmik/Desktop/77928c98-0d8c-45bd-b7a3-5dab77772943/test/admin.test.js:278:10)
    at Object.asyncJestTest (/Users/dharmik/Desktop/77928c98-0d8c-45bd-b7a3-5dab77772943/node_modules/jest-jasmine2/build/jasmineAsyncInstall.js:102:37)
    at /Users/dharmik/Desktop/77928c98-0d8c-45bd-b7a3-5dab77772943/node_modules/jest-jasmine2/build/queueRunner.js:43:12
    at new Promise (&lt;anonymous&gt;)
    at mapper (/Users/dharmik/Desktop/77928c98-0d8c-45bd-b7a3-5dab77772943/node_modules/jest-jasmine2/build/queueRunner.js:26:19)
    at /Users/dharmik/Desktop/77928c98-0d8c-45bd-b7a3-5dab77772943/node_modules/jest-jasmine2/build/queueRunner.js:73:41
----
    at Test._assertStatus (/Users/dharmik/Desktop/77928c98-0d8c-45bd-b7a3-5dab77772943/node_modules/supertest/lib/test.js:252:14)
    at /Users/dharmik/Desktop/77928c98-0d8c-45bd-b7a3-5dab77772943/node_modules/supertest/lib/test.js:308:13
    at Test._assertFunction (/Users/dharmik/Desktop/77928c98-0d8c-45bd-b7a3-5dab77772943/node_modules/supertest/lib/test.js:285:13)
    at Test.assert (/Users/dharmik/Desktop/77928c98-0d8c-45bd-b7a3-5dab77772943/node_modules/supertest/lib/test.js:164:23)
    at Server.localAssert (/Users/dharmik/Desktop/77928c98-0d8c-45bd-b7a3-5dab77772943/node_modules/supertest/lib/test.js:120:14)
    at Object.onceWrapper (node:events:634:28)
    at Server.emit (node:events:520:28)
    at emitCloseNT (node:net:2338:8)
    at processTicksAndRejections (node:internal/process/task_queues:81:21)" type="AssertionError">
      </failure>
      <failure message="MongooseError: Operation `admins.deleteMany()` buffering timed out after 10000ms
    at /Users/dharmik/Desktop/77928c98-0d8c-45bd-b7a3-5dab77772943/node_modules/mongoose/lib/drivers/node-mongodb-native/collection.js:198:23
    at Timeout.callback (/Users/dharmik/Desktop/77928c98-0d8c-45bd-b7a3-5dab77772943/node_modules/jsdom/lib/jsdom/browser/Window.js:678:19)
    at listOnTimeout (node:internal/timers:581:17)
    at processTimers (node:internal/timers:519:7)" type="AssertionError">
      </failure>
      <failure message=": Timeout - Async callback was not invoked within the 5000ms timeout specified by jest.setTimeout.Timeout - Async callback was not invoked within the 5000ms timeout specified by jest.setTimeout.Error: 
    at new Spec (/Users/dharmik/Desktop/77928c98-0d8c-45bd-b7a3-5dab77772943/node_modules/jest-jasmine2/build/jasmine/Spec.js:116:22)
    at new Spec (/Users/dharmik/Desktop/77928c98-0d8c-45bd-b7a3-5dab77772943/node_modules/jest-jasmine2/build/setup_jest_globals.js:80:9)
    at specFactory (/Users/dharmik/Desktop/77928c98-0d8c-45bd-b7a3-5dab77772943/node_modules/jest-jasmine2/build/jasmine/Env.js:575:24)
    at Env.it (/Users/dharmik/Desktop/77928c98-0d8c-45bd-b7a3-5dab77772943/node_modules/jest-jasmine2/build/jasmine/Env.js:644:24)
    at Env.it (/Users/dharmik/Desktop/77928c98-0d8c-45bd-b7a3-5dab77772943/node_modules/jest-jasmine2/build/jasmineAsyncInstall.js:132:23)
    at test (/Users/dharmik/Desktop/77928c98-0d8c-45bd-b7a3-5dab77772943/node_modules/jest-jasmine2/build/jasmine/jasmineLight.js:93:21)
    at Object.&lt;anonymous&gt; (/Users/dharmik/Desktop/77928c98-0d8c-45bd-b7a3-5dab77772943/test/admin.test.js:284:1)
    at Runtime._execModule (/Users/dharmik/Desktop/77928c98-0d8c-45bd-b7a3-5dab77772943/node_modules/jest-runtime/build/index.js:867:68)
    at Runtime._loadModule (/Users/dharmik/Desktop/77928c98-0d8c-45bd-b7a3-5dab77772943/node_modules/jest-runtime/build/index.js:577:12)
    at Runtime.requireModule (/Users/dharmik/Desktop/77928c98-0d8c-45bd-b7a3-5dab77772943/node_modules/jest-runtime/build/index.js:433:10)
    at /Users/dharmik/Desktop/77928c98-0d8c-45bd-b7a3-5dab77772943/node_modules/jest-jasmine2/build/index.js:202:13
    at Generator.next (&lt;anonymous&gt;)
    at asyncGeneratorStep (/Users/dharmik/Desktop/77928c98-0d8c-45bd-b7a3-5dab77772943/node_modules/jest-jasmine2/build/index.js:27:24)
    at _next (/Users/dharmik/Desktop/77928c98-0d8c-45bd-b7a3-5dab77772943/node_modules/jest-jasmine2/build/index.js:47:9)
    at /Users/dharmik/Desktop/77928c98-0d8c-45bd-b7a3-5dab77772943/node_modules/jest-jasmine2/build/index.js:52:7
    at new Promise (&lt;anonymous&gt;)
    at /Users/dharmik/Desktop/77928c98-0d8c-45bd-b7a3-5dab77772943/node_modules/jest-jasmine2/build/index.js:44:12
    at _jasmine (/Users/dharmik/Desktop/77928c98-0d8c-45bd-b7a3-5dab77772943/node_modules/jest-jasmine2/build/index.js:207:19)
    at jasmine2 (/Users/dharmik/Desktop/77928c98-0d8c-45bd-b7a3-5dab77772943/node_modules/jest-jasmine2/build/index.js:60:19)
    at /Users/dharmik/Desktop/77928c98-0d8c-45bd-b7a3-5dab77772943/node_modules/jest-runner/build/runTest.js:385:24
    at Generator.next (&lt;anonymous&gt;)
    at asyncGeneratorStep (/Users/dharmik/Desktop/77928c98-0d8c-45bd-b7a3-5dab77772943/node_modules/jest-runner/build/runTest.js:161:24)
    at _next (/Users/dharmik/Desktop/77928c98-0d8c-45bd-b7a3-5dab77772943/node_modules/jest-runner/build/runTest.js:181:9)
    at processTicksAndRejections (node:internal/process/task_queues:95:5)" type="AssertionError">
      </failure>
    </testcase>
    <testcase classname="Displaying player for auction" name="Displaying player for auction" time="0">
      <failure message="Timeout - Async callback was not invoked within the 5000ms timeout specified by jest.setTimeout.Error: Timeout - Async callback was not invoked within the 5000ms timeout specified by jest.setTimeout.
    at mapper (/Users/dharmik/Desktop/77928c98-0d8c-45bd-b7a3-5dab77772943/node_modules/jest-jasmine2/build/queueRunner.js:25:45)
    at /Users/dharmik/Desktop/77928c98-0d8c-45bd-b7a3-5dab77772943/node_modules/jest-jasmine2/build/queueRunner.js:73:41" type="AssertionError">
      </failure>
      <failure message="Error: expected 200 &quot;OK&quot;, got 400 &quot;Bad Request&quot;
    at Object.&lt;anonymous&gt; (/Users/dharmik/Desktop/77928c98-0d8c-45bd-b7a3-5dab77772943/test/admin.test.js:287:10)
    at Object.asyncJestTest (/Users/dharmik/Desktop/77928c98-0d8c-45bd-b7a3-5dab77772943/node_modules/jest-jasmine2/build/jasmineAsyncInstall.js:102:37)
    at /Users/dharmik/Desktop/77928c98-0d8c-45bd-b7a3-5dab77772943/node_modules/jest-jasmine2/build/queueRunner.js:43:12
    at new Promise (&lt;anonymous&gt;)
    at mapper (/Users/dharmik/Desktop/77928c98-0d8c-45bd-b7a3-5dab77772943/node_modules/jest-jasmine2/build/queueRunner.js:26:19)
    at /Users/dharmik/Desktop/77928c98-0d8c-45bd-b7a3-5dab77772943/node_modules/jest-jasmine2/build/queueRunner.js:73:41
----
    at Test._assertStatus (/Users/dharmik/Desktop/77928c98-0d8c-45bd-b7a3-5dab77772943/node_modules/supertest/lib/test.js:252:14)
    at /Users/dharmik/Desktop/77928c98-0d8c-45bd-b7a3-5dab77772943/node_modules/supertest/lib/test.js:308:13
    at Test._assertFunction (/Users/dharmik/Desktop/77928c98-0d8c-45bd-b7a3-5dab77772943/node_modules/supertest/lib/test.js:285:13)
    at Test.assert (/Users/dharmik/Desktop/77928c98-0d8c-45bd-b7a3-5dab77772943/node_modules/supertest/lib/test.js:164:23)
    at Server.localAssert (/Users/dharmik/Desktop/77928c98-0d8c-45bd-b7a3-5dab77772943/node_modules/supertest/lib/test.js:120:14)
    at Object.onceWrapper (node:events:634:28)
    at Server.emit (node:events:520:28)
    at emitCloseNT (node:net:2338:8)
    at processTicksAndRejections (node:internal/process/task_queues:81:21)" type="AssertionError">
      </failure>
      <failure message="MongooseError: Operation `admins.deleteMany()` buffering timed out after 10000ms
    at /Users/dharmik/Desktop/77928c98-0d8c-45bd-b7a3-5dab77772943/node_modules/mongoose/lib/drivers/node-mongodb-native/collection.js:198:23
    at Timeout.callback (/Users/dharmik/Desktop/77928c98-0d8c-45bd-b7a3-5dab77772943/node_modules/jsdom/lib/jsdom/browser/Window.js:678:19)
    at listOnTimeout (node:internal/timers:581:17)
    at processTimers (node:internal/timers:519:7)" type="AssertionError">
      </failure>
      <failure message=": Timeout - Async callback was not invoked within the 5000ms timeout specified by jest.setTimeout.Timeout - Async callback was not invoked within the 5000ms timeout specified by jest.setTimeout.Error: 
    at new Spec (/Users/dharmik/Desktop/77928c98-0d8c-45bd-b7a3-5dab77772943/node_modules/jest-jasmine2/build/jasmine/Spec.js:116:22)
    at new Spec (/Users/dharmik/Desktop/77928c98-0d8c-45bd-b7a3-5dab77772943/node_modules/jest-jasmine2/build/setup_jest_globals.js:80:9)
    at specFactory (/Users/dharmik/Desktop/77928c98-0d8c-45bd-b7a3-5dab77772943/node_modules/jest-jasmine2/build/jasmine/Env.js:575:24)
    at Env.it (/Users/dharmik/Desktop/77928c98-0d8c-45bd-b7a3-5dab77772943/node_modules/jest-jasmine2/build/jasmine/Env.js:644:24)
    at Env.it (/Users/dharmik/Desktop/77928c98-0d8c-45bd-b7a3-5dab77772943/node_modules/jest-jasmine2/build/jasmineAsyncInstall.js:132:23)
    at test (/Users/dharmik/Desktop/77928c98-0d8c-45bd-b7a3-5dab77772943/node_modules/jest-jasmine2/build/jasmine/jasmineLight.js:93:21)
    at Object.&lt;anonymous&gt; (/Users/dharmik/Desktop/77928c98-0d8c-45bd-b7a3-5dab77772943/test/admin.test.js:296:1)
    at Runtime._execModule (/Users/dharmik/Desktop/77928c98-0d8c-45bd-b7a3-5dab77772943/node_modules/jest-runtime/build/index.js:867:68)
    at Runtime._loadModule (/Users/dharmik/Desktop/77928c98-0d8c-45bd-b7a3-5dab77772943/node_modules/jest-runtime/build/index.js:577:12)
    at Runtime.requireModule (/Users/dharmik/Desktop/77928c98-0d8c-45bd-b7a3-5dab77772943/node_modules/jest-runtime/build/index.js:433:10)
    at /Users/dharmik/Desktop/77928c98-0d8c-45bd-b7a3-5dab77772943/node_modules/jest-jasmine2/build/index.js:202:13
    at Generator.next (&lt;anonymous&gt;)
    at asyncGeneratorStep (/Users/dharmik/Desktop/77928c98-0d8c-45bd-b7a3-5dab77772943/node_modules/jest-jasmine2/build/index.js:27:24)
    at _next (/Users/dharmik/Desktop/77928c98-0d8c-45bd-b7a3-5dab77772943/node_modules/jest-jasmine2/build/index.js:47:9)
    at /Users/dharmik/Desktop/77928c98-0d8c-45bd-b7a3-5dab77772943/node_modules/jest-jasmine2/build/index.js:52:7
    at new Promise (&lt;anonymous&gt;)
    at /Users/dharmik/Desktop/77928c98-0d8c-45bd-b7a3-5dab77772943/node_modules/jest-jasmine2/build/index.js:44:12
    at _jasmine (/Users/dharmik/Desktop/77928c98-0d8c-45bd-b7a3-5dab77772943/node_modules/jest-jasmine2/build/index.js:207:19)
    at jasmine2 (/Users/dharmik/Desktop/77928c98-0d8c-45bd-b7a3-5dab77772943/node_modules/jest-jasmine2/build/index.js:60:19)
    at /Users/dharmik/Desktop/77928c98-0d8c-45bd-b7a3-5dab77772943/node_modules/jest-runner/build/runTest.js:385:24
    at Generator.next (&lt;anonymous&gt;)
    at asyncGeneratorStep (/Users/dharmik/Desktop/77928c98-0d8c-45bd-b7a3-5dab77772943/node_modules/jest-runner/build/runTest.js:161:24)
    at _next (/Users/dharmik/Desktop/77928c98-0d8c-45bd-b7a3-5dab77772943/node_modules/jest-runner/build/runTest.js:181:9)
    at processTicksAndRejections (node:internal/process/task_queues:95:5)" type="AssertionError">
      </failure>
    </testcase>
    <system-out/>
    <system-err/>
  </testsuite>
</testsuites>